This file contains any messages produced by compilers while
running configure, to aid debugging if configure makes a mistake.

It was created by wolfssl configure 3.10.2, which was
generated by GNU Autoconf 2.69.  Invocation command line was

  $ ./configure --prefix=/srv/example/mine/code_study/cplusplus/aes/install/wolfssl --enable-static --enable-ipv6 --enable-ecc --enable-aesgcm --enable-hkdf --enable-chacha --enable-poly1305 --enable-alpn --enable-sni --disable-oldtls --enable-supportedcurves --enable-curve25519 --enable-opensslextra --enable-ecccustcurves --enable-sha512

## --------- ##
## Platform. ##
## --------- ##

hostname = txgcwm
uname -m = x86_64
uname -r = 4.2.0-42-generic
uname -s = Linux
uname -v = #49-Ubuntu SMP Tue Jun 28 21:26:26 UTC 2016

/usr/bin/uname -p = unknown
/bin/uname -X     = unknown

/bin/arch              = unknown
/usr/bin/arch -k       = unknown
/usr/convex/getsysinfo = unknown
/usr/bin/hostinfo      = unknown
/bin/machine           = unknown
/usr/bin/oslevel       = unknown
/bin/universe          = unknown

PATH: /home/txgcwm/Downloads/google-cloud-sdk/bin
PATH: /opt/arcsoft_toolchain/OpenWrt-SDK-ramips-mt7620_gcc-4.8-linaro_uClibc-0.9.33.2.Linux-x86_64/staging_dir/toolchain-mipsel_24kec+dsp_gcc-4.8-linaro_uClibc-0.9.33.2/bin/
PATH: /opt/depot_tools/
PATH: /opt/hisi-linux/x86-arm/arm-hisiv300-linux/target/bin
PATH: /opt/hisi-linux-nptl/arm-hisiv100-linux/target/bin
PATH: /opt/texbin
PATH: /usr/local/sbin
PATH: /usr/local/bin
PATH: /usr/sbin
PATH: /usr/bin
PATH: /sbin
PATH: /bin
PATH: /usr/games
PATH: /usr/local/games


## ----------- ##
## Core tests. ##
## ----------- ##

configure:3134: checking build system type
configure:3148: result: x86_64-unknown-linux-gnu
configure:3168: checking host system type
configure:3181: result: x86_64-unknown-linux-gnu
configure:3219: checking for a BSD-compatible install
configure:3287: result: /usr/bin/install -c
configure:3298: checking whether build environment is sane
configure:3353: result: yes
configure:3504: checking for a thread-safe mkdir -p
configure:3543: result: /bin/mkdir -p
configure:3550: checking for gawk
configure:3566: found /usr/bin/gawk
configure:3577: result: gawk
configure:3588: checking whether make sets $(MAKE)
configure:3610: result: yes
configure:3639: checking whether make supports nested variables
configure:3656: result: yes
configure:3736: checking whether UID '1000' is supported by ustar format
configure:3739: result: yes
configure:3746: checking whether GID '1000' is supported by ustar format
configure:3749: result: yes
configure:3757: checking how to create a ustar tar archive
configure:3768: tar --version
tar (GNU tar) 1.27.1
Copyright (C) 2013 Free Software Foundation, Inc.
License GPLv3+: GNU GPL version 3 or later <http://gnu.org/licenses/gpl.html>.
This is free software: you are free to change and redistribute it.
There is NO WARRANTY, to the extent permitted by law.

Written by John Gilmore and Jay Fenlason.
configure:3771: $? = 0
configure:3811: tardir=conftest.dir && eval tar --format=ustar -chf - "$tardir" >conftest.tar
configure:3814: $? = 0
configure:3818: tar -xf - <conftest.tar
configure:3821: $? = 0
configure:3823: cat conftest.dir/file
GrepMe
configure:3826: $? = 0
configure:3839: result: gnutar
configure:3966: checking how to print strings
configure:3993: result: printf
configure:4026: checking for style of include used by make
configure:4054: result: GNU
configure:4125: checking for gcc
configure:4141: found /usr/bin/gcc
configure:4152: result: gcc
configure:4381: checking for C compiler version
configure:4390: gcc --version >&5
gcc (Ubuntu 5.2.1-22ubuntu2) 5.2.1 20151010
Copyright (C) 2015 Free Software Foundation, Inc.
This is free software; see the source for copying conditions.  There is NO
warranty; not even for MERCHANTABILITY or FITNESS FOR A PARTICULAR PURPOSE.

configure:4401: $? = 0
configure:4390: gcc -v >&5
Using built-in specs.
COLLECT_GCC=gcc
COLLECT_LTO_WRAPPER=/usr/lib/gcc/x86_64-linux-gnu/5/lto-wrapper
Target: x86_64-linux-gnu
Configured with: ../src/configure -v --with-pkgversion='Ubuntu 5.2.1-22ubuntu2' --with-bugurl=file:///usr/share/doc/gcc-5/README.Bugs --enable-languages=c,ada,c++,java,go,d,fortran,objc,obj-c++ --prefix=/usr --program-suffix=-5 --enable-shared --enable-linker-build-id --libexecdir=/usr/lib --without-included-gettext --enable-threads=posix --libdir=/usr/lib --enable-nls --with-sysroot=/ --enable-clocale=gnu --enable-libstdcxx-debug --enable-libstdcxx-time=yes --with-default-libstdcxx-abi=new --enable-gnu-unique-object --disable-vtable-verify --enable-libmpx --enable-plugin --with-system-zlib --disable-browser-plugin --enable-java-awt=gtk --enable-gtk-cairo --with-java-home=/usr/lib/jvm/java-1.5.0-gcj-5-amd64/jre --enable-java-home --with-jvm-root-dir=/usr/lib/jvm/java-1.5.0-gcj-5-amd64 --with-jvm-jar-dir=/usr/lib/jvm-exports/java-1.5.0-gcj-5-amd64 --with-arch-directory=amd64 --with-ecj-jar=/usr/share/java/eclipse-ecj.jar --enable-objc-gc --enable-multiarch --disable-werror --with-arch-32=i686 --with-abi=m64 --with-multilib-list=m32,m64,mx32 --enable-multilib --with-tune=generic --enable-checking=release --build=x86_64-linux-gnu --host=x86_64-linux-gnu --target=x86_64-linux-gnu
Thread model: posix
gcc version 5.2.1 20151010 (Ubuntu 5.2.1-22ubuntu2) 
configure:4401: $? = 0
configure:4390: gcc -V >&5
gcc: error: unrecognized command line option '-V'
gcc: fatal error: no input files
compilation terminated.
configure:4401: $? = 1
configure:4390: gcc -qversion >&5
gcc: error: unrecognized command line option '-qversion'
gcc: fatal error: no input files
compilation terminated.
configure:4401: $? = 1
configure:4421: checking whether the C compiler works
configure:4443: gcc    conftest.c  >&5
configure:4447: $? = 0
configure:4495: result: yes
configure:4498: checking for C compiler default output file name
configure:4500: result: a.out
configure:4506: checking for suffix of executables
configure:4513: gcc -o conftest    conftest.c  >&5
configure:4517: $? = 0
configure:4539: result: 
configure:4561: checking whether we are cross compiling
configure:4569: gcc -o conftest    conftest.c  >&5
configure:4573: $? = 0
configure:4580: ./conftest
configure:4584: $? = 0
configure:4599: result: no
configure:4604: checking for suffix of object files
configure:4626: gcc -c   conftest.c >&5
configure:4630: $? = 0
configure:4651: result: o
configure:4655: checking whether we are using the GNU C compiler
configure:4674: gcc -c   conftest.c >&5
configure:4674: $? = 0
configure:4683: result: yes
configure:4692: checking whether gcc accepts -g
configure:4712: gcc -c -g  conftest.c >&5
configure:4712: $? = 0
configure:4753: result: yes
configure:4770: checking for gcc option to accept ISO C89
configure:4833: gcc  -c   conftest.c >&5
configure:4833: $? = 0
configure:4846: result: none needed
configure:4871: checking whether gcc understands -c and -o together
configure:4893: gcc -c conftest.c -o conftest2.o
configure:4896: $? = 0
configure:4893: gcc -c conftest.c -o conftest2.o
configure:4896: $? = 0
configure:4908: result: yes
configure:4927: checking dependency style of gcc
configure:5038: result: gcc3
configure:5053: checking for a sed that does not truncate output
configure:5117: result: /bin/sed
configure:5135: checking for grep that handles long lines and -e
configure:5193: result: /bin/grep
configure:5198: checking for egrep
configure:5260: result: /bin/grep -E
configure:5265: checking for fgrep
configure:5327: result: /bin/grep -F
configure:5362: checking for ld used by gcc
configure:5429: result: /usr/bin/ld
configure:5436: checking if the linker (/usr/bin/ld) is GNU ld
configure:5451: result: yes
configure:5463: checking for BSD- or MS-compatible name lister (nm)
configure:5517: result: /usr/bin/nm -B
configure:5647: checking the name lister (/usr/bin/nm -B) interface
configure:5654: gcc -c   conftest.c >&5
configure:5657: /usr/bin/nm -B "conftest.o"
configure:5660: output
0000000000000000 B some_variable
configure:5667: result: BSD nm
configure:5670: checking whether ln -s works
configure:5674: result: yes
configure:5682: checking the maximum length of command line arguments
configure:5813: result: 1572864
configure:5861: checking how to convert x86_64-unknown-linux-gnu file names to x86_64-unknown-linux-gnu format
configure:5901: result: func_convert_file_noop
configure:5908: checking how to convert x86_64-unknown-linux-gnu file names to toolchain format
configure:5928: result: func_convert_file_noop
configure:5935: checking for /usr/bin/ld option to reload object files
configure:5942: result: -r
configure:6016: checking for objdump
configure:6032: found /usr/bin/objdump
configure:6043: result: objdump
configure:6075: checking how to recognize dependent libraries
configure:6275: result: pass_all
configure:6360: checking for dlltool
configure:6390: result: no
configure:6420: checking how to associate runtime and link libraries
configure:6447: result: printf %s\n
configure:6508: checking for ar
configure:6524: found /usr/bin/ar
configure:6535: result: ar
configure:6572: checking for archiver @FILE support
configure:6589: gcc -c   conftest.c >&5
configure:6589: $? = 0
configure:6592: ar cru libconftest.a @conftest.lst >&5
ar: `u' modifier ignored since `D' is the default (see `U')
configure:6595: $? = 0
configure:6600: ar cru libconftest.a @conftest.lst >&5
ar: `u' modifier ignored since `D' is the default (see `U')
ar: conftest.o: No such file or directory
configure:6603: $? = 1
configure:6615: result: @
configure:6673: checking for strip
configure:6689: found /usr/bin/strip
configure:6700: result: strip
configure:6772: checking for ranlib
configure:6788: found /usr/bin/ranlib
configure:6799: result: ranlib
configure:6901: checking command to parse /usr/bin/nm -B output from gcc object
configure:7054: gcc -c   conftest.c >&5
configure:7057: $? = 0
configure:7061: /usr/bin/nm -B conftest.o \| sed -n -e 's/^.*[ ]\([ABCDGIRSTW][ABCDGIRSTW]*\)[ ][ ]*\([_A-Za-z][_A-Za-z0-9]*\)$/\1 \2 \2/p' | sed '/ __gnu_lto/d' \> conftest.nm
configure:7064: $? = 0
configure:7130: gcc -o conftest    conftest.c conftstm.o >&5
configure:7133: $? = 0
configure:7171: result: ok
configure:7218: checking for sysroot
configure:7248: result: no
configure:7255: checking for a working dd
configure:7293: result: /bin/dd
configure:7297: checking how to truncate binary pipes
configure:7312: result: /bin/dd bs=4096 count=1
configure:7448: gcc -c   conftest.c >&5
configure:7451: $? = 0
configure:7641: checking for mt
configure:7657: found /bin/mt
configure:7668: result: mt
configure:7691: checking if mt is a manifest tool
configure:7697: mt '-?'
configure:7705: result: no
configure:8382: checking how to run the C preprocessor
configure:8413: gcc -E  conftest.c
configure:8413: $? = 0
configure:8427: gcc -E  conftest.c
conftest.c:9:28: fatal error: ac_nonexistent.h: No such file or directory
compilation terminated.
configure:8427: $? = 1
configure: failed program was:
| /* confdefs.h */
| #define PACKAGE_NAME "wolfssl"
| #define PACKAGE_TARNAME "wolfssl"
| #define PACKAGE_VERSION "3.10.2"
| #define PACKAGE_STRING "wolfssl 3.10.2"
| #define PACKAGE_BUGREPORT "https://github.com/wolfssl/wolfssl/issues"
| #define PACKAGE_URL "http://www.wolfssl.com"
| /* end confdefs.h.  */
| #include <ac_nonexistent.h>
configure:8452: result: gcc -E
configure:8472: gcc -E  conftest.c
configure:8472: $? = 0
configure:8486: gcc -E  conftest.c
conftest.c:9:28: fatal error: ac_nonexistent.h: No such file or directory
compilation terminated.
configure:8486: $? = 1
configure: failed program was:
| /* confdefs.h */
| #define PACKAGE_NAME "wolfssl"
| #define PACKAGE_TARNAME "wolfssl"
| #define PACKAGE_VERSION "3.10.2"
| #define PACKAGE_STRING "wolfssl 3.10.2"
| #define PACKAGE_BUGREPORT "https://github.com/wolfssl/wolfssl/issues"
| #define PACKAGE_URL "http://www.wolfssl.com"
| /* end confdefs.h.  */
| #include <ac_nonexistent.h>
configure:8515: checking for ANSI C header files
configure:8535: gcc -c   conftest.c >&5
configure:8535: $? = 0
configure:8608: gcc -o conftest    conftest.c  >&5
configure:8608: $? = 0
configure:8608: ./conftest
configure:8608: $? = 0
configure:8619: result: yes
configure:8632: checking for sys/types.h
configure:8632: gcc -c   conftest.c >&5
configure:8632: $? = 0
configure:8632: result: yes
configure:8632: checking for sys/stat.h
configure:8632: gcc -c   conftest.c >&5
configure:8632: $? = 0
configure:8632: result: yes
configure:8632: checking for stdlib.h
configure:8632: gcc -c   conftest.c >&5
configure:8632: $? = 0
configure:8632: result: yes
configure:8632: checking for string.h
configure:8632: gcc -c   conftest.c >&5
configure:8632: $? = 0
configure:8632: result: yes
configure:8632: checking for memory.h
configure:8632: gcc -c   conftest.c >&5
configure:8632: $? = 0
configure:8632: result: yes
configure:8632: checking for strings.h
configure:8632: gcc -c   conftest.c >&5
configure:8632: $? = 0
configure:8632: result: yes
configure:8632: checking for inttypes.h
configure:8632: gcc -c   conftest.c >&5
configure:8632: $? = 0
configure:8632: result: yes
configure:8632: checking for stdint.h
configure:8632: gcc -c   conftest.c >&5
configure:8632: $? = 0
configure:8632: result: yes
configure:8632: checking for unistd.h
configure:8632: gcc -c   conftest.c >&5
configure:8632: $? = 0
configure:8632: result: yes
configure:8646: checking for dlfcn.h
configure:8646: gcc -c   conftest.c >&5
configure:8646: $? = 0
configure:8646: result: yes
configure:8901: checking for objdir
configure:8916: result: .libs
configure:9180: checking if gcc supports -fno-rtti -fno-exceptions
configure:9198: gcc -c   -fno-rtti -fno-exceptions conftest.c >&5
cc1: warning: command line option '-fno-rtti' is valid for C++/ObjC++ but not for C
configure:9202: $? = 0
configure:9215: result: no
configure:9573: checking for gcc option to produce PIC
configure:9580: result: -fPIC -DPIC
configure:9588: checking if gcc PIC flag -fPIC -DPIC works
configure:9606: gcc -c   -fPIC -DPIC -DPIC conftest.c >&5
configure:9610: $? = 0
configure:9623: result: yes
configure:9652: checking if gcc static flag -static works
configure:9680: result: yes
configure:9695: checking if gcc supports -c -o file.o
configure:9716: gcc -c   -o out/conftest2.o conftest.c >&5
configure:9720: $? = 0
configure:9742: result: yes
configure:9750: checking if gcc supports -c -o file.o
configure:9797: result: yes
configure:9830: checking whether the gcc linker (/usr/bin/ld -m elf_x86_64) supports shared libraries
configure:11089: result: yes
configure:11126: checking whether -lc should be explicitly linked in
configure:11134: gcc -c   conftest.c >&5
configure:11137: $? = 0
configure:11152: gcc -shared  -fPIC -DPIC conftest.o  -v -Wl,-soname -Wl,conftest -o conftest 2\>\&1 \| /bin/grep  -lc  \>/dev/null 2\>\&1
configure:11155: $? = 0
configure:11169: result: no
configure:11329: checking dynamic linker characteristics
configure:11910: gcc -o conftest    -Wl,-rpath -Wl,/foo conftest.c  >&5
configure:11910: $? = 0
configure:12147: result: GNU/Linux ld.so
configure:12269: checking how to hardcode library paths into programs
configure:12294: result: immediate
configure:12842: checking whether stripping libraries is possible
configure:12847: result: yes
configure:12882: checking if libtool supports shared libraries
configure:12884: result: yes
configure:12887: checking whether to build shared libraries
configure:12912: result: yes
configure:12915: checking whether to build static libraries
configure:12919: result: yes
configure:13014: checking for g++
configure:13030: found /usr/bin/g++
configure:13041: result: g++
configure:13068: checking for C++ compiler version
configure:13077: g++ --version >&5
g++ (Ubuntu 5.2.1-22ubuntu2) 5.2.1 20151010
Copyright (C) 2015 Free Software Foundation, Inc.
This is free software; see the source for copying conditions.  There is NO
warranty; not even for MERCHANTABILITY or FITNESS FOR A PARTICULAR PURPOSE.

configure:13088: $? = 0
configure:13077: g++ -v >&5
Using built-in specs.
COLLECT_GCC=g++
COLLECT_LTO_WRAPPER=/usr/lib/gcc/x86_64-linux-gnu/5/lto-wrapper
Target: x86_64-linux-gnu
Configured with: ../src/configure -v --with-pkgversion='Ubuntu 5.2.1-22ubuntu2' --with-bugurl=file:///usr/share/doc/gcc-5/README.Bugs --enable-languages=c,ada,c++,java,go,d,fortran,objc,obj-c++ --prefix=/usr --program-suffix=-5 --enable-shared --enable-linker-build-id --libexecdir=/usr/lib --without-included-gettext --enable-threads=posix --libdir=/usr/lib --enable-nls --with-sysroot=/ --enable-clocale=gnu --enable-libstdcxx-debug --enable-libstdcxx-time=yes --with-default-libstdcxx-abi=new --enable-gnu-unique-object --disable-vtable-verify --enable-libmpx --enable-plugin --with-system-zlib --disable-browser-plugin --enable-java-awt=gtk --enable-gtk-cairo --with-java-home=/usr/lib/jvm/java-1.5.0-gcj-5-amd64/jre --enable-java-home --with-jvm-root-dir=/usr/lib/jvm/java-1.5.0-gcj-5-amd64 --with-jvm-jar-dir=/usr/lib/jvm-exports/java-1.5.0-gcj-5-amd64 --with-arch-directory=amd64 --with-ecj-jar=/usr/share/java/eclipse-ecj.jar --enable-objc-gc --enable-multiarch --disable-werror --with-arch-32=i686 --with-abi=m64 --with-multilib-list=m32,m64,mx32 --enable-multilib --with-tune=generic --enable-checking=release --build=x86_64-linux-gnu --host=x86_64-linux-gnu --target=x86_64-linux-gnu
Thread model: posix
gcc version 5.2.1 20151010 (Ubuntu 5.2.1-22ubuntu2) 
configure:13088: $? = 0
configure:13077: g++ -V >&5
g++: error: unrecognized command line option '-V'
g++: fatal error: no input files
compilation terminated.
configure:13088: $? = 1
configure:13077: g++ -qversion >&5
g++: error: unrecognized command line option '-qversion'
g++: fatal error: no input files
compilation terminated.
configure:13088: $? = 1
configure:13092: checking whether we are using the GNU C++ compiler
configure:13111: g++ -c   conftest.cpp >&5
configure:13111: $? = 0
configure:13120: result: yes
configure:13129: checking whether g++ accepts -g
configure:13149: g++ -c -g  conftest.cpp >&5
configure:13149: $? = 0
configure:13190: result: yes
configure:13215: checking dependency style of g++
configure:13326: result: gcc3
configure:13360: checking how to run the C++ preprocessor
configure:13387: g++ -E  conftest.cpp
configure:13387: $? = 0
configure:13401: g++ -E  conftest.cpp
conftest.cpp:21:28: fatal error: ac_nonexistent.h: No such file or directory
compilation terminated.
configure:13401: $? = 1
configure: failed program was:
| /* confdefs.h */
| #define PACKAGE_NAME "wolfssl"
| #define PACKAGE_TARNAME "wolfssl"
| #define PACKAGE_VERSION "3.10.2"
| #define PACKAGE_STRING "wolfssl 3.10.2"
| #define PACKAGE_BUGREPORT "https://github.com/wolfssl/wolfssl/issues"
| #define PACKAGE_URL "http://www.wolfssl.com"
| #define STDC_HEADERS 1
| #define HAVE_SYS_TYPES_H 1
| #define HAVE_SYS_STAT_H 1
| #define HAVE_STDLIB_H 1
| #define HAVE_STRING_H 1
| #define HAVE_MEMORY_H 1
| #define HAVE_STRINGS_H 1
| #define HAVE_INTTYPES_H 1
| #define HAVE_STDINT_H 1
| #define HAVE_UNISTD_H 1
| #define HAVE_DLFCN_H 1
| #define LT_OBJDIR ".libs/"
| /* end confdefs.h.  */
| #include <ac_nonexistent.h>
configure:13426: result: g++ -E
configure:13446: g++ -E  conftest.cpp
configure:13446: $? = 0
configure:13460: g++ -E  conftest.cpp
conftest.cpp:21:28: fatal error: ac_nonexistent.h: No such file or directory
compilation terminated.
configure:13460: $? = 1
configure: failed program was:
| /* confdefs.h */
| #define PACKAGE_NAME "wolfssl"
| #define PACKAGE_TARNAME "wolfssl"
| #define PACKAGE_VERSION "3.10.2"
| #define PACKAGE_STRING "wolfssl 3.10.2"
| #define PACKAGE_BUGREPORT "https://github.com/wolfssl/wolfssl/issues"
| #define PACKAGE_URL "http://www.wolfssl.com"
| #define STDC_HEADERS 1
| #define HAVE_SYS_TYPES_H 1
| #define HAVE_SYS_STAT_H 1
| #define HAVE_STDLIB_H 1
| #define HAVE_STRING_H 1
| #define HAVE_MEMORY_H 1
| #define HAVE_STRINGS_H 1
| #define HAVE_INTTYPES_H 1
| #define HAVE_STDINT_H 1
| #define HAVE_UNISTD_H 1
| #define HAVE_DLFCN_H 1
| #define LT_OBJDIR ".libs/"
| /* end confdefs.h.  */
| #include <ac_nonexistent.h>
configure:13622: checking for ld used by g++
configure:13689: result: /usr/bin/ld -m elf_x86_64
configure:13696: checking if the linker (/usr/bin/ld -m elf_x86_64) is GNU ld
configure:13711: result: yes
configure:13766: checking whether the g++ linker (/usr/bin/ld -m elf_x86_64) supports shared libraries
configure:14839: result: yes
configure:14875: g++ -c -g -O2  conftest.cpp >&5
configure:14878: $? = 0
configure:15359: checking for g++ option to produce PIC
configure:15366: result: -fPIC -DPIC
configure:15374: checking if g++ PIC flag -fPIC -DPIC works
configure:15392: g++ -c -g -O2  -fPIC -DPIC -DPIC conftest.cpp >&5
configure:15396: $? = 0
configure:15409: result: yes
configure:15432: checking if g++ static flag -static works
configure:15460: result: yes
configure:15472: checking if g++ supports -c -o file.o
configure:15493: g++ -c -g -O2  -o out/conftest2.o conftest.cpp >&5
configure:15497: $? = 0
configure:15519: result: yes
configure:15524: checking if g++ supports -c -o file.o
configure:15571: result: yes
configure:15601: checking whether the g++ linker (/usr/bin/ld -m elf_x86_64) supports shared libraries
configure:15641: result: yes
configure:15782: checking dynamic linker characteristics
configure:16527: result: GNU/Linux ld.so
configure:16592: checking how to hardcode library paths into programs
configure:16617: result: immediate
configure:16664: checking whether the -Werror option is usable
configure:16683: gcc -c  -Werror  conftest.c >&5
configure:16683: $? = 0
configure:16692: result: yes
configure:16694: checking for simple visibility declarations
configure:16721: gcc -c  -fvisibility=hidden -Werror  conftest.c >&5
configure:16721: $? = 0
configure:16730: result: yes
configure:16763: checking whether make supports nested variables
configure:16780: result: yes
configure:16800: checking size of long long
configure:16805: gcc -o conftest   -fvisibility=hidden  conftest.c  >&5
configure:16805: $? = 0
configure:16805: ./conftest
configure:16805: $? = 0
configure:16819: result: 8
configure:16833: checking size of long
configure:16838: gcc -o conftest   -fvisibility=hidden  conftest.c  >&5
configure:16838: $? = 0
configure:16838: ./conftest
configure:16838: $? = 0
configure:16852: result: 8
configure:16862: checking for __uint128_t
configure:16862: gcc -c   -fvisibility=hidden conftest.c >&5
configure:16862: $? = 0
configure:16862: gcc -c   -fvisibility=hidden conftest.c >&5
conftest.c: In function 'main':
conftest.c:60:26: error: expected expression before ')' token
 if (sizeof ((__uint128_t)))
                          ^
configure:16862: $? = 1
configure: failed program was:
| /* confdefs.h */
| #define PACKAGE_NAME "wolfssl"
| #define PACKAGE_TARNAME "wolfssl"
| #define PACKAGE_VERSION "3.10.2"
| #define PACKAGE_STRING "wolfssl 3.10.2"
| #define PACKAGE_BUGREPORT "https://github.com/wolfssl/wolfssl/issues"
| #define PACKAGE_URL "http://www.wolfssl.com"
| #define STDC_HEADERS 1
| #define HAVE_SYS_TYPES_H 1
| #define HAVE_SYS_STAT_H 1
| #define HAVE_STDLIB_H 1
| #define HAVE_STRING_H 1
| #define HAVE_MEMORY_H 1
| #define HAVE_STRINGS_H 1
| #define HAVE_INTTYPES_H 1
| #define HAVE_STDINT_H 1
| #define HAVE_UNISTD_H 1
| #define HAVE_DLFCN_H 1
| #define LT_OBJDIR ".libs/"
| #define HAVE_VISIBILITY 1
| #define SIZEOF_LONG_LONG 8
| #define SIZEOF_LONG 8
| /* end confdefs.h.  */
| #include <stdio.h>
| #ifdef HAVE_SYS_TYPES_H
| # include <sys/types.h>
| #endif
| #ifdef HAVE_SYS_STAT_H
| # include <sys/stat.h>
| #endif
| #ifdef STDC_HEADERS
| # include <stdlib.h>
| # include <stddef.h>
| #else
| # ifdef HAVE_STDLIB_H
| #  include <stdlib.h>
| # endif
| #endif
| #ifdef HAVE_STRING_H
| # if !defined STDC_HEADERS && defined HAVE_MEMORY_H
| #  include <memory.h>
| # endif
| # include <string.h>
| #endif
| #ifdef HAVE_STRINGS_H
| # include <strings.h>
| #endif
| #ifdef HAVE_INTTYPES_H
| # include <inttypes.h>
| #endif
| #ifdef HAVE_STDINT_H
| # include <stdint.h>
| #endif
| #ifdef HAVE_UNISTD_H
| # include <unistd.h>
| #endif
| int
| main ()
| {
| if (sizeof ((__uint128_t)))
| 	    return 0;
|   ;
|   return 0;
| }
configure:16862: result: yes
configure:16874: checking for gethostbyname
configure:16874: gcc -o conftest   -fvisibility=hidden  conftest.c  >&5
configure:16874: $? = 0
configure:16874: result: yes
configure:16885: checking for getaddrinfo
configure:16885: gcc -o conftest   -fvisibility=hidden  conftest.c  >&5
configure:16885: $? = 0
configure:16885: result: yes
configure:16896: checking for gettimeofday
configure:16896: gcc -o conftest   -fvisibility=hidden  conftest.c  >&5
configure:16896: $? = 0
configure:16896: result: yes
configure:16907: checking for gmtime_r
configure:16907: gcc -o conftest   -fvisibility=hidden  conftest.c  >&5
configure:16907: $? = 0
configure:16907: result: yes
configure:16918: checking for inet_ntoa
configure:16918: gcc -o conftest   -fvisibility=hidden  conftest.c  >&5
configure:16918: $? = 0
configure:16918: result: yes
configure:16929: checking for memset
configure:16929: gcc -o conftest   -fvisibility=hidden  conftest.c  >&5
conftest.c:53:6: warning: conflicting types for built-in function 'memset'
 char memset ();
      ^
configure:16929: $? = 0
configure:16929: result: yes
configure:16940: checking for socket
configure:16940: gcc -o conftest   -fvisibility=hidden  conftest.c  >&5
configure:16940: $? = 0
configure:16940: result: yes
configure:16951: checking arpa/inet.h usability
configure:16951: gcc -c   -fvisibility=hidden conftest.c >&5
configure:16951: $? = 0
configure:16951: result: yes
configure:16951: checking arpa/inet.h presence
configure:16951: gcc -E  -fvisibility=hidden conftest.c
configure:16951: $? = 0
configure:16951: result: yes
configure:16951: checking for arpa/inet.h
configure:16951: result: yes
configure:16963: checking fcntl.h usability
configure:16963: gcc -c   -fvisibility=hidden conftest.c >&5
configure:16963: $? = 0
configure:16963: result: yes
configure:16963: checking fcntl.h presence
configure:16963: gcc -E  -fvisibility=hidden conftest.c
configure:16963: $? = 0
configure:16963: result: yes
configure:16963: checking for fcntl.h
configure:16963: result: yes
configure:16975: checking limits.h usability
configure:16975: gcc -c   -fvisibility=hidden conftest.c >&5
configure:16975: $? = 0
configure:16975: result: yes
configure:16975: checking limits.h presence
configure:16975: gcc -E  -fvisibility=hidden conftest.c
configure:16975: $? = 0
configure:16975: result: yes
configure:16975: checking for limits.h
configure:16975: result: yes
configure:16987: checking netdb.h usability
configure:16987: gcc -c   -fvisibility=hidden conftest.c >&5
configure:16987: $? = 0
configure:16987: result: yes
configure:16987: checking netdb.h presence
configure:16987: gcc -E  -fvisibility=hidden conftest.c
configure:16987: $? = 0
configure:16987: result: yes
configure:16987: checking for netdb.h
configure:16987: result: yes
configure:16999: checking netinet/in.h usability
configure:16999: gcc -c   -fvisibility=hidden conftest.c >&5
configure:16999: $? = 0
configure:16999: result: yes
configure:16999: checking netinet/in.h presence
configure:16999: gcc -E  -fvisibility=hidden conftest.c
configure:16999: $? = 0
configure:16999: result: yes
configure:16999: checking for netinet/in.h
configure:16999: result: yes
configure:17011: checking stddef.h usability
configure:17011: gcc -c   -fvisibility=hidden conftest.c >&5
configure:17011: $? = 0
configure:17011: result: yes
configure:17011: checking stddef.h presence
configure:17011: gcc -E  -fvisibility=hidden conftest.c
configure:17011: $? = 0
configure:17011: result: yes
configure:17011: checking for stddef.h
configure:17011: result: yes
configure:17023: checking sys/ioctl.h usability
configure:17023: gcc -c   -fvisibility=hidden conftest.c >&5
configure:17023: $? = 0
configure:17023: result: yes
configure:17023: checking sys/ioctl.h presence
configure:17023: gcc -E  -fvisibility=hidden conftest.c
configure:17023: $? = 0
configure:17023: result: yes
configure:17023: checking for sys/ioctl.h
configure:17023: result: yes
configure:17035: checking sys/socket.h usability
configure:17035: gcc -c   -fvisibility=hidden conftest.c >&5
configure:17035: $? = 0
configure:17035: result: yes
configure:17035: checking sys/socket.h presence
configure:17035: gcc -E  -fvisibility=hidden conftest.c
configure:17035: $? = 0
configure:17035: result: yes
configure:17035: checking for sys/socket.h
configure:17035: result: yes
configure:17047: checking sys/time.h usability
configure:17047: gcc -c   -fvisibility=hidden conftest.c >&5
configure:17047: $? = 0
configure:17047: result: yes
configure:17047: checking sys/time.h presence
configure:17047: gcc -E  -fvisibility=hidden conftest.c
configure:17047: $? = 0
configure:17047: result: yes
configure:17047: checking for sys/time.h
configure:17047: result: yes
configure:17059: checking errno.h usability
configure:17059: gcc -c   -fvisibility=hidden conftest.c >&5
configure:17059: $? = 0
configure:17059: result: yes
configure:17059: checking errno.h presence
configure:17059: gcc -E  -fvisibility=hidden conftest.c
configure:17059: $? = 0
configure:17059: result: yes
configure:17059: checking for errno.h
configure:17059: result: yes
configure:17069: checking for socket in -lnetwork
configure:17094: gcc -o conftest   -fvisibility=hidden  conftest.c -lnetwork   >&5
/usr/bin/ld: cannot find -lnetwork
collect2: error: ld returned 1 exit status
configure:17094: $? = 1
configure: failed program was:
| /* confdefs.h */
| #define PACKAGE_NAME "wolfssl"
| #define PACKAGE_TARNAME "wolfssl"
| #define PACKAGE_VERSION "3.10.2"
| #define PACKAGE_STRING "wolfssl 3.10.2"
| #define PACKAGE_BUGREPORT "https://github.com/wolfssl/wolfssl/issues"
| #define PACKAGE_URL "http://www.wolfssl.com"
| #define STDC_HEADERS 1
| #define HAVE_SYS_TYPES_H 1
| #define HAVE_SYS_STAT_H 1
| #define HAVE_STDLIB_H 1
| #define HAVE_STRING_H 1
| #define HAVE_MEMORY_H 1
| #define HAVE_STRINGS_H 1
| #define HAVE_INTTYPES_H 1
| #define HAVE_STDINT_H 1
| #define HAVE_UNISTD_H 1
| #define HAVE_DLFCN_H 1
| #define LT_OBJDIR ".libs/"
| #define HAVE_VISIBILITY 1
| #define SIZEOF_LONG_LONG 8
| #define SIZEOF_LONG 8
| #define HAVE___UINT128_T 1
| #define HAVE_GETHOSTBYNAME 1
| #define HAVE_GETADDRINFO 1
| #define HAVE_GETTIMEOFDAY 1
| #define HAVE_GMTIME_R 1
| #define HAVE_INET_NTOA 1
| #define HAVE_MEMSET 1
| #define HAVE_SOCKET 1
| #define HAVE_ARPA_INET_H 1
| #define HAVE_FCNTL_H 1
| #define HAVE_LIMITS_H 1
| #define HAVE_NETDB_H 1
| #define HAVE_NETINET_IN_H 1
| #define HAVE_STDDEF_H 1
| #define HAVE_SYS_IOCTL_H 1
| #define HAVE_SYS_SOCKET_H 1
| #define HAVE_SYS_TIME_H 1
| #define HAVE_ERRNO_H 1
| /* end confdefs.h.  */
| 
| /* Override any GCC internal prototype to avoid an error.
|    Use char because int might match the return type of a GCC
|    builtin and then its argument prototype would still apply.  */
| #ifdef __cplusplus
| extern "C"
| #endif
| char socket ();
| int
| main ()
| {
| return socket ();
|   ;
|   return 0;
| }
configure:17103: result: no
configure:17114: checking whether byte ordering is bigendian
configure:17129: gcc -c   -fvisibility=hidden conftest.c >&5
conftest.c:43:9: error: unknown type name 'not'
         not a universal capable compiler
         ^
conftest.c:43:15: error: expected '=', ',', ';', 'asm' or '__attribute__' before 'universal'
         not a universal capable compiler
               ^
conftest.c:43:15: error: unknown type name 'universal'
configure:17129: $? = 1
configure: failed program was:
| /* confdefs.h */
| #define PACKAGE_NAME "wolfssl"
| #define PACKAGE_TARNAME "wolfssl"
| #define PACKAGE_VERSION "3.10.2"
| #define PACKAGE_STRING "wolfssl 3.10.2"
| #define PACKAGE_BUGREPORT "https://github.com/wolfssl/wolfssl/issues"
| #define PACKAGE_URL "http://www.wolfssl.com"
| #define STDC_HEADERS 1
| #define HAVE_SYS_TYPES_H 1
| #define HAVE_SYS_STAT_H 1
| #define HAVE_STDLIB_H 1
| #define HAVE_STRING_H 1
| #define HAVE_MEMORY_H 1
| #define HAVE_STRINGS_H 1
| #define HAVE_INTTYPES_H 1
| #define HAVE_STDINT_H 1
| #define HAVE_UNISTD_H 1
| #define HAVE_DLFCN_H 1
| #define LT_OBJDIR ".libs/"
| #define HAVE_VISIBILITY 1
| #define SIZEOF_LONG_LONG 8
| #define SIZEOF_LONG 8
| #define HAVE___UINT128_T 1
| #define HAVE_GETHOSTBYNAME 1
| #define HAVE_GETADDRINFO 1
| #define HAVE_GETTIMEOFDAY 1
| #define HAVE_GMTIME_R 1
| #define HAVE_INET_NTOA 1
| #define HAVE_MEMSET 1
| #define HAVE_SOCKET 1
| #define HAVE_ARPA_INET_H 1
| #define HAVE_FCNTL_H 1
| #define HAVE_LIMITS_H 1
| #define HAVE_NETDB_H 1
| #define HAVE_NETINET_IN_H 1
| #define HAVE_STDDEF_H 1
| #define HAVE_SYS_IOCTL_H 1
| #define HAVE_SYS_SOCKET_H 1
| #define HAVE_SYS_TIME_H 1
| #define HAVE_ERRNO_H 1
| /* end confdefs.h.  */
| #ifndef __APPLE_CC__
| 	       not a universal capable compiler
| 	     #endif
| 	     typedef int dummy;
| 
configure:17174: gcc -c   -fvisibility=hidden conftest.c >&5
configure:17174: $? = 0
configure:17192: gcc -c   -fvisibility=hidden conftest.c >&5
conftest.c: In function 'main':
conftest.c:49:4: error: unknown type name 'not'
    not big endian
    ^
conftest.c:49:12: error: expected '=', ',', ';', 'asm' or '__attribute__' before 'endian'
    not big endian
            ^
configure:17192: $? = 1
configure: failed program was:
| /* confdefs.h */
| #define PACKAGE_NAME "wolfssl"
| #define PACKAGE_TARNAME "wolfssl"
| #define PACKAGE_VERSION "3.10.2"
| #define PACKAGE_STRING "wolfssl 3.10.2"
| #define PACKAGE_BUGREPORT "https://github.com/wolfssl/wolfssl/issues"
| #define PACKAGE_URL "http://www.wolfssl.com"
| #define STDC_HEADERS 1
| #define HAVE_SYS_TYPES_H 1
| #define HAVE_SYS_STAT_H 1
| #define HAVE_STDLIB_H 1
| #define HAVE_STRING_H 1
| #define HAVE_MEMORY_H 1
| #define HAVE_STRINGS_H 1
| #define HAVE_INTTYPES_H 1
| #define HAVE_STDINT_H 1
| #define HAVE_UNISTD_H 1
| #define HAVE_DLFCN_H 1
| #define LT_OBJDIR ".libs/"
| #define HAVE_VISIBILITY 1
| #define SIZEOF_LONG_LONG 8
| #define SIZEOF_LONG 8
| #define HAVE___UINT128_T 1
| #define HAVE_GETHOSTBYNAME 1
| #define HAVE_GETADDRINFO 1
| #define HAVE_GETTIMEOFDAY 1
| #define HAVE_GMTIME_R 1
| #define HAVE_INET_NTOA 1
| #define HAVE_MEMSET 1
| #define HAVE_SOCKET 1
| #define HAVE_ARPA_INET_H 1
| #define HAVE_FCNTL_H 1
| #define HAVE_LIMITS_H 1
| #define HAVE_NETDB_H 1
| #define HAVE_NETINET_IN_H 1
| #define HAVE_STDDEF_H 1
| #define HAVE_SYS_IOCTL_H 1
| #define HAVE_SYS_SOCKET_H 1
| #define HAVE_SYS_TIME_H 1
| #define HAVE_ERRNO_H 1
| /* end confdefs.h.  */
| #include <sys/types.h>
| 		#include <sys/param.h>
| 
| int
| main ()
| {
| #if BYTE_ORDER != BIG_ENDIAN
| 		 not big endian
| 		#endif
| 
|   ;
|   return 0;
| }
configure:17320: result: no
configure:17390: checking for gcc
configure:17417: result: gcc
configure:17646: checking for C compiler version
configure:17655: gcc --version >&5
gcc (Ubuntu 5.2.1-22ubuntu2) 5.2.1 20151010
Copyright (C) 2015 Free Software Foundation, Inc.
This is free software; see the source for copying conditions.  There is NO
warranty; not even for MERCHANTABILITY or FITNESS FOR A PARTICULAR PURPOSE.

configure:17666: $? = 0
configure:17655: gcc -v >&5
Using built-in specs.
COLLECT_GCC=gcc
COLLECT_LTO_WRAPPER=/usr/lib/gcc/x86_64-linux-gnu/5/lto-wrapper
Target: x86_64-linux-gnu
Configured with: ../src/configure -v --with-pkgversion='Ubuntu 5.2.1-22ubuntu2' --with-bugurl=file:///usr/share/doc/gcc-5/README.Bugs --enable-languages=c,ada,c++,java,go,d,fortran,objc,obj-c++ --prefix=/usr --program-suffix=-5 --enable-shared --enable-linker-build-id --libexecdir=/usr/lib --without-included-gettext --enable-threads=posix --libdir=/usr/lib --enable-nls --with-sysroot=/ --enable-clocale=gnu --enable-libstdcxx-debug --enable-libstdcxx-time=yes --with-default-libstdcxx-abi=new --enable-gnu-unique-object --disable-vtable-verify --enable-libmpx --enable-plugin --with-system-zlib --disable-browser-plugin --enable-java-awt=gtk --enable-gtk-cairo --with-java-home=/usr/lib/jvm/java-1.5.0-gcj-5-amd64/jre --enable-java-home --with-jvm-root-dir=/usr/lib/jvm/java-1.5.0-gcj-5-amd64 --with-jvm-jar-dir=/usr/lib/jvm-exports/java-1.5.0-gcj-5-amd64 --with-arch-directory=amd64 --with-ecj-jar=/usr/share/java/eclipse-ecj.jar --enable-objc-gc --enable-multiarch --disable-werror --with-arch-32=i686 --with-abi=m64 --with-multilib-list=m32,m64,mx32 --enable-multilib --with-tune=generic --enable-checking=release --build=x86_64-linux-gnu --host=x86_64-linux-gnu --target=x86_64-linux-gnu
Thread model: posix
gcc version 5.2.1 20151010 (Ubuntu 5.2.1-22ubuntu2) 
configure:17666: $? = 0
configure:17655: gcc -V >&5
gcc: error: unrecognized command line option '-V'
gcc: fatal error: no input files
compilation terminated.
configure:17666: $? = 1
configure:17655: gcc -qversion >&5
gcc: error: unrecognized command line option '-qversion'
gcc: fatal error: no input files
compilation terminated.
configure:17666: $? = 1
configure:17670: checking whether we are using the GNU C compiler
configure:17698: result: yes
configure:17707: checking whether gcc accepts -g
configure:17768: result: yes
configure:17785: checking for gcc option to accept ISO C89
configure:17861: result: none needed
configure:17886: checking whether gcc understands -c and -o together
configure:17923: result: yes
configure:17942: checking dependency style of gcc
configure:18053: result: gcc3
configure:18069: checking whether gcc and cc understand -c and -o together
configure:18100: gcc -c conftest.c -o conftest2.o >&5
configure:18104: $? = 0
configure:18110: gcc -c conftest.c -o conftest2.o >&5
configure:18114: $? = 0
configure:18125: cc -c conftest.c >&5
configure:18129: $? = 0
configure:18137: cc -c conftest.c -o conftest2.o >&5
configure:18141: $? = 0
configure:18147: cc -c conftest.c -o conftest2.o >&5
configure:18151: $? = 0
configure:18169: result: yes
configure:18291: checking for C++ compiler version
configure:18300: g++ --version >&5
g++ (Ubuntu 5.2.1-22ubuntu2) 5.2.1 20151010
Copyright (C) 2015 Free Software Foundation, Inc.
This is free software; see the source for copying conditions.  There is NO
warranty; not even for MERCHANTABILITY or FITNESS FOR A PARTICULAR PURPOSE.

configure:18311: $? = 0
configure:18300: g++ -v >&5
Using built-in specs.
COLLECT_GCC=g++
COLLECT_LTO_WRAPPER=/usr/lib/gcc/x86_64-linux-gnu/5/lto-wrapper
Target: x86_64-linux-gnu
Configured with: ../src/configure -v --with-pkgversion='Ubuntu 5.2.1-22ubuntu2' --with-bugurl=file:///usr/share/doc/gcc-5/README.Bugs --enable-languages=c,ada,c++,java,go,d,fortran,objc,obj-c++ --prefix=/usr --program-suffix=-5 --enable-shared --enable-linker-build-id --libexecdir=/usr/lib --without-included-gettext --enable-threads=posix --libdir=/usr/lib --enable-nls --with-sysroot=/ --enable-clocale=gnu --enable-libstdcxx-debug --enable-libstdcxx-time=yes --with-default-libstdcxx-abi=new --enable-gnu-unique-object --disable-vtable-verify --enable-libmpx --enable-plugin --with-system-zlib --disable-browser-plugin --enable-java-awt=gtk --enable-gtk-cairo --with-java-home=/usr/lib/jvm/java-1.5.0-gcj-5-amd64/jre --enable-java-home --with-jvm-root-dir=/usr/lib/jvm/java-1.5.0-gcj-5-amd64 --with-jvm-jar-dir=/usr/lib/jvm-exports/java-1.5.0-gcj-5-amd64 --with-arch-directory=amd64 --with-ecj-jar=/usr/share/java/eclipse-ecj.jar --enable-objc-gc --enable-multiarch --disable-werror --with-arch-32=i686 --with-abi=m64 --with-multilib-list=m32,m64,mx32 --enable-multilib --with-tune=generic --enable-checking=release --build=x86_64-linux-gnu --host=x86_64-linux-gnu --target=x86_64-linux-gnu
Thread model: posix
gcc version 5.2.1 20151010 (Ubuntu 5.2.1-22ubuntu2) 
configure:18311: $? = 0
configure:18300: g++ -V >&5
g++: error: unrecognized command line option '-V'
g++: fatal error: no input files
compilation terminated.
configure:18311: $? = 1
configure:18300: g++ -qversion >&5
g++: error: unrecognized command line option '-qversion'
g++: fatal error: no input files
compilation terminated.
configure:18311: $? = 1
configure:18315: checking whether we are using the GNU C++ compiler
configure:18343: result: yes
configure:18352: checking whether g++ accepts -g
configure:18413: result: yes
configure:18438: checking dependency style of g++
configure:18549: result: gcc3
configure:18565: checking for size_t
configure:18565: gcc -c   -fvisibility=hidden conftest.c >&5
configure:18565: $? = 0
configure:18565: gcc -c   -fvisibility=hidden conftest.c >&5
conftest.c: In function 'main':
conftest.c:78:21: error: expected expression before ')' token
 if (sizeof ((size_t)))
                     ^
configure:18565: $? = 1
configure: failed program was:
| /* confdefs.h */
| #define PACKAGE_NAME "wolfssl"
| #define PACKAGE_TARNAME "wolfssl"
| #define PACKAGE_VERSION "3.10.2"
| #define PACKAGE_STRING "wolfssl 3.10.2"
| #define PACKAGE_BUGREPORT "https://github.com/wolfssl/wolfssl/issues"
| #define PACKAGE_URL "http://www.wolfssl.com"
| #define STDC_HEADERS 1
| #define HAVE_SYS_TYPES_H 1
| #define HAVE_SYS_STAT_H 1
| #define HAVE_STDLIB_H 1
| #define HAVE_STRING_H 1
| #define HAVE_MEMORY_H 1
| #define HAVE_STRINGS_H 1
| #define HAVE_INTTYPES_H 1
| #define HAVE_STDINT_H 1
| #define HAVE_UNISTD_H 1
| #define HAVE_DLFCN_H 1
| #define LT_OBJDIR ".libs/"
| #define HAVE_VISIBILITY 1
| #define SIZEOF_LONG_LONG 8
| #define SIZEOF_LONG 8
| #define HAVE___UINT128_T 1
| #define HAVE_GETHOSTBYNAME 1
| #define HAVE_GETADDRINFO 1
| #define HAVE_GETTIMEOFDAY 1
| #define HAVE_GMTIME_R 1
| #define HAVE_INET_NTOA 1
| #define HAVE_MEMSET 1
| #define HAVE_SOCKET 1
| #define HAVE_ARPA_INET_H 1
| #define HAVE_FCNTL_H 1
| #define HAVE_LIMITS_H 1
| #define HAVE_NETDB_H 1
| #define HAVE_NETINET_IN_H 1
| #define HAVE_STDDEF_H 1
| #define HAVE_SYS_IOCTL_H 1
| #define HAVE_SYS_SOCKET_H 1
| #define HAVE_SYS_TIME_H 1
| #define HAVE_ERRNO_H 1
| /* end confdefs.h.  */
| #include <stdio.h>
| #ifdef HAVE_SYS_TYPES_H
| # include <sys/types.h>
| #endif
| #ifdef HAVE_SYS_STAT_H
| # include <sys/stat.h>
| #endif
| #ifdef STDC_HEADERS
| # include <stdlib.h>
| # include <stddef.h>
| #else
| # ifdef HAVE_STDLIB_H
| #  include <stdlib.h>
| # endif
| #endif
| #ifdef HAVE_STRING_H
| # if !defined STDC_HEADERS && defined HAVE_MEMORY_H
| #  include <memory.h>
| # endif
| # include <string.h>
| #endif
| #ifdef HAVE_STRINGS_H
| # include <strings.h>
| #endif
| #ifdef HAVE_INTTYPES_H
| # include <inttypes.h>
| #endif
| #ifdef HAVE_STDINT_H
| # include <stdint.h>
| #endif
| #ifdef HAVE_UNISTD_H
| # include <unistd.h>
| #endif
| int
| main ()
| {
| if (sizeof ((size_t)))
| 	    return 0;
|   ;
|   return 0;
| }
configure:18565: result: yes
configure:18576: checking for uint8_t
configure:18576: gcc -c   -fvisibility=hidden conftest.c >&5
configure:18576: $? = 0
configure:18576: result: yes
configure:18599: checking dependency style of gcc
configure:18708: result: gcc3
configure:18812: checking for cos in -lm
configure:18837: gcc -o conftest   -fvisibility=hidden  conftest.c -lm   >&5
conftest.c:49:6: warning: conflicting types for built-in function 'cos'
 char cos ();
      ^
configure:18837: $? = 0
configure:18846: result: yes
configure:18867: checking for thread local storage (TLS) class
configure:18895: gcc -c   -fvisibility=hidden conftest.c >&5
configure:18895: $? = 0
configure:18907: result: __thread
configure:18947: checking for debug
configure:18949: result: no
configure:19235: checking for the pthreads library -lpthreads
configure:19273: gcc -o conftest    -fvisibility=hidden  conftest.c -lpthreads  >&5
/usr/bin/ld: cannot find -lpthreads
collect2: error: ld returned 1 exit status
configure:19273: $? = 1
configure: failed program was:
| /* confdefs.h */
| #define PACKAGE_NAME "wolfssl"
| #define PACKAGE_TARNAME "wolfssl"
| #define PACKAGE_VERSION "3.10.2"
| #define PACKAGE_STRING "wolfssl 3.10.2"
| #define PACKAGE_BUGREPORT "https://github.com/wolfssl/wolfssl/issues"
| #define PACKAGE_URL "http://www.wolfssl.com"
| #define STDC_HEADERS 1
| #define HAVE_SYS_TYPES_H 1
| #define HAVE_SYS_STAT_H 1
| #define HAVE_STDLIB_H 1
| #define HAVE_STRING_H 1
| #define HAVE_MEMORY_H 1
| #define HAVE_STRINGS_H 1
| #define HAVE_INTTYPES_H 1
| #define HAVE_STDINT_H 1
| #define HAVE_UNISTD_H 1
| #define HAVE_DLFCN_H 1
| #define LT_OBJDIR ".libs/"
| #define HAVE_VISIBILITY 1
| #define SIZEOF_LONG_LONG 8
| #define SIZEOF_LONG 8
| #define HAVE___UINT128_T 1
| #define HAVE_GETHOSTBYNAME 1
| #define HAVE_GETADDRINFO 1
| #define HAVE_GETTIMEOFDAY 1
| #define HAVE_GMTIME_R 1
| #define HAVE_INET_NTOA 1
| #define HAVE_MEMSET 1
| #define HAVE_SOCKET 1
| #define HAVE_ARPA_INET_H 1
| #define HAVE_FCNTL_H 1
| #define HAVE_LIMITS_H 1
| #define HAVE_NETDB_H 1
| #define HAVE_NETINET_IN_H 1
| #define HAVE_STDDEF_H 1
| #define HAVE_SYS_IOCTL_H 1
| #define HAVE_SYS_SOCKET_H 1
| #define HAVE_SYS_TIME_H 1
| #define HAVE_ERRNO_H 1
| #define TLS __thread
| #define DEBUG 0
| /* end confdefs.h.  */
| #include <pthread.h>
|                         static void routine(void *a) { a = 0; }
|                         static void *start_routine(void *a) { return a; }
| int
| main ()
| {
| pthread_t th; pthread_attr_t attr;
|                         pthread_create(&th, 0, start_routine, 0);
|                         pthread_join(th, 0);
|                         pthread_attr_init(&attr);
|                         pthread_cleanup_push(routine, 0);
|                         pthread_cleanup_pop(0) /* ; */
|   ;
|   return 0;
| }
configure:19282: result: no
configure:19180: checking whether pthreads work without any flags
configure:19273: gcc -o conftest    -fvisibility=hidden  conftest.c   >&5
/tmp/cc1XnuGI.o: In function `main':
conftest.c:(.text+0x55): undefined reference to `pthread_create'
conftest.c:(.text+0x69): undefined reference to `pthread_join'
conftest.c:(.text+0xdd): undefined reference to `__pthread_register_cancel'
conftest.c:(.text+0xe9): undefined reference to `__pthread_unregister_cancel'
collect2: error: ld returned 1 exit status
configure:19273: $? = 1
configure: failed program was:
| /* confdefs.h */
| #define PACKAGE_NAME "wolfssl"
| #define PACKAGE_TARNAME "wolfssl"
| #define PACKAGE_VERSION "3.10.2"
| #define PACKAGE_STRING "wolfssl 3.10.2"
| #define PACKAGE_BUGREPORT "https://github.com/wolfssl/wolfssl/issues"
| #define PACKAGE_URL "http://www.wolfssl.com"
| #define STDC_HEADERS 1
| #define HAVE_SYS_TYPES_H 1
| #define HAVE_SYS_STAT_H 1
| #define HAVE_STDLIB_H 1
| #define HAVE_STRING_H 1
| #define HAVE_MEMORY_H 1
| #define HAVE_STRINGS_H 1
| #define HAVE_INTTYPES_H 1
| #define HAVE_STDINT_H 1
| #define HAVE_UNISTD_H 1
| #define HAVE_DLFCN_H 1
| #define LT_OBJDIR ".libs/"
| #define HAVE_VISIBILITY 1
| #define SIZEOF_LONG_LONG 8
| #define SIZEOF_LONG 8
| #define HAVE___UINT128_T 1
| #define HAVE_GETHOSTBYNAME 1
| #define HAVE_GETADDRINFO 1
| #define HAVE_GETTIMEOFDAY 1
| #define HAVE_GMTIME_R 1
| #define HAVE_INET_NTOA 1
| #define HAVE_MEMSET 1
| #define HAVE_SOCKET 1
| #define HAVE_ARPA_INET_H 1
| #define HAVE_FCNTL_H 1
| #define HAVE_LIMITS_H 1
| #define HAVE_NETDB_H 1
| #define HAVE_NETINET_IN_H 1
| #define HAVE_STDDEF_H 1
| #define HAVE_SYS_IOCTL_H 1
| #define HAVE_SYS_SOCKET_H 1
| #define HAVE_SYS_TIME_H 1
| #define HAVE_ERRNO_H 1
| #define TLS __thread
| #define DEBUG 0
| /* end confdefs.h.  */
| #include <pthread.h>
|                         static void routine(void *a) { a = 0; }
|                         static void *start_routine(void *a) { return a; }
| int
| main ()
| {
| pthread_t th; pthread_attr_t attr;
|                         pthread_create(&th, 0, start_routine, 0);
|                         pthread_join(th, 0);
|                         pthread_attr_init(&attr);
|                         pthread_cleanup_push(routine, 0);
|                         pthread_cleanup_pop(0) /* ; */
|   ;
|   return 0;
| }
configure:19282: result: no
configure:19185: checking whether pthreads work with -Kthread
configure:19273: gcc -o conftest  -Kthread  -fvisibility=hidden  conftest.c   >&5
gcc: error: unrecognized command line option '-Kthread'
configure:19273: $? = 1
configure: failed program was:
| /* confdefs.h */
| #define PACKAGE_NAME "wolfssl"
| #define PACKAGE_TARNAME "wolfssl"
| #define PACKAGE_VERSION "3.10.2"
| #define PACKAGE_STRING "wolfssl 3.10.2"
| #define PACKAGE_BUGREPORT "https://github.com/wolfssl/wolfssl/issues"
| #define PACKAGE_URL "http://www.wolfssl.com"
| #define STDC_HEADERS 1
| #define HAVE_SYS_TYPES_H 1
| #define HAVE_SYS_STAT_H 1
| #define HAVE_STDLIB_H 1
| #define HAVE_STRING_H 1
| #define HAVE_MEMORY_H 1
| #define HAVE_STRINGS_H 1
| #define HAVE_INTTYPES_H 1
| #define HAVE_STDINT_H 1
| #define HAVE_UNISTD_H 1
| #define HAVE_DLFCN_H 1
| #define LT_OBJDIR ".libs/"
| #define HAVE_VISIBILITY 1
| #define SIZEOF_LONG_LONG 8
| #define SIZEOF_LONG 8
| #define HAVE___UINT128_T 1
| #define HAVE_GETHOSTBYNAME 1
| #define HAVE_GETADDRINFO 1
| #define HAVE_GETTIMEOFDAY 1
| #define HAVE_GMTIME_R 1
| #define HAVE_INET_NTOA 1
| #define HAVE_MEMSET 1
| #define HAVE_SOCKET 1
| #define HAVE_ARPA_INET_H 1
| #define HAVE_FCNTL_H 1
| #define HAVE_LIMITS_H 1
| #define HAVE_NETDB_H 1
| #define HAVE_NETINET_IN_H 1
| #define HAVE_STDDEF_H 1
| #define HAVE_SYS_IOCTL_H 1
| #define HAVE_SYS_SOCKET_H 1
| #define HAVE_SYS_TIME_H 1
| #define HAVE_ERRNO_H 1
| #define TLS __thread
| #define DEBUG 0
| /* end confdefs.h.  */
| #include <pthread.h>
|                         static void routine(void *a) { a = 0; }
|                         static void *start_routine(void *a) { return a; }
| int
| main ()
| {
| pthread_t th; pthread_attr_t attr;
|                         pthread_create(&th, 0, start_routine, 0);
|                         pthread_join(th, 0);
|                         pthread_attr_init(&attr);
|                         pthread_cleanup_push(routine, 0);
|                         pthread_cleanup_pop(0) /* ; */
|   ;
|   return 0;
| }
configure:19282: result: no
configure:19185: checking whether pthreads work with -kthread
configure:19273: gcc -o conftest  -kthread  -fvisibility=hidden  conftest.c   >&5
gcc: error: unrecognized command line option '-kthread'
configure:19273: $? = 1
configure: failed program was:
| /* confdefs.h */
| #define PACKAGE_NAME "wolfssl"
| #define PACKAGE_TARNAME "wolfssl"
| #define PACKAGE_VERSION "3.10.2"
| #define PACKAGE_STRING "wolfssl 3.10.2"
| #define PACKAGE_BUGREPORT "https://github.com/wolfssl/wolfssl/issues"
| #define PACKAGE_URL "http://www.wolfssl.com"
| #define STDC_HEADERS 1
| #define HAVE_SYS_TYPES_H 1
| #define HAVE_SYS_STAT_H 1
| #define HAVE_STDLIB_H 1
| #define HAVE_STRING_H 1
| #define HAVE_MEMORY_H 1
| #define HAVE_STRINGS_H 1
| #define HAVE_INTTYPES_H 1
| #define HAVE_STDINT_H 1
| #define HAVE_UNISTD_H 1
| #define HAVE_DLFCN_H 1
| #define LT_OBJDIR ".libs/"
| #define HAVE_VISIBILITY 1
| #define SIZEOF_LONG_LONG 8
| #define SIZEOF_LONG 8
| #define HAVE___UINT128_T 1
| #define HAVE_GETHOSTBYNAME 1
| #define HAVE_GETADDRINFO 1
| #define HAVE_GETTIMEOFDAY 1
| #define HAVE_GMTIME_R 1
| #define HAVE_INET_NTOA 1
| #define HAVE_MEMSET 1
| #define HAVE_SOCKET 1
| #define HAVE_ARPA_INET_H 1
| #define HAVE_FCNTL_H 1
| #define HAVE_LIMITS_H 1
| #define HAVE_NETDB_H 1
| #define HAVE_NETINET_IN_H 1
| #define HAVE_STDDEF_H 1
| #define HAVE_SYS_IOCTL_H 1
| #define HAVE_SYS_SOCKET_H 1
| #define HAVE_SYS_TIME_H 1
| #define HAVE_ERRNO_H 1
| #define TLS __thread
| #define DEBUG 0
| /* end confdefs.h.  */
| #include <pthread.h>
|                         static void routine(void *a) { a = 0; }
|                         static void *start_routine(void *a) { return a; }
| int
| main ()
| {
| pthread_t th; pthread_attr_t attr;
|                         pthread_create(&th, 0, start_routine, 0);
|                         pthread_join(th, 0);
|                         pthread_attr_init(&attr);
|                         pthread_cleanup_push(routine, 0);
|                         pthread_cleanup_pop(0) /* ; */
|   ;
|   return 0;
| }
configure:19282: result: no
configure:19235: checking for the pthreads library -llthread
configure:19273: gcc -o conftest    -fvisibility=hidden  conftest.c -llthread  >&5
/usr/bin/ld: cannot find -llthread
collect2: error: ld returned 1 exit status
configure:19273: $? = 1
configure: failed program was:
| /* confdefs.h */
| #define PACKAGE_NAME "wolfssl"
| #define PACKAGE_TARNAME "wolfssl"
| #define PACKAGE_VERSION "3.10.2"
| #define PACKAGE_STRING "wolfssl 3.10.2"
| #define PACKAGE_BUGREPORT "https://github.com/wolfssl/wolfssl/issues"
| #define PACKAGE_URL "http://www.wolfssl.com"
| #define STDC_HEADERS 1
| #define HAVE_SYS_TYPES_H 1
| #define HAVE_SYS_STAT_H 1
| #define HAVE_STDLIB_H 1
| #define HAVE_STRING_H 1
| #define HAVE_MEMORY_H 1
| #define HAVE_STRINGS_H 1
| #define HAVE_INTTYPES_H 1
| #define HAVE_STDINT_H 1
| #define HAVE_UNISTD_H 1
| #define HAVE_DLFCN_H 1
| #define LT_OBJDIR ".libs/"
| #define HAVE_VISIBILITY 1
| #define SIZEOF_LONG_LONG 8
| #define SIZEOF_LONG 8
| #define HAVE___UINT128_T 1
| #define HAVE_GETHOSTBYNAME 1
| #define HAVE_GETADDRINFO 1
| #define HAVE_GETTIMEOFDAY 1
| #define HAVE_GMTIME_R 1
| #define HAVE_INET_NTOA 1
| #define HAVE_MEMSET 1
| #define HAVE_SOCKET 1
| #define HAVE_ARPA_INET_H 1
| #define HAVE_FCNTL_H 1
| #define HAVE_LIMITS_H 1
| #define HAVE_NETDB_H 1
| #define HAVE_NETINET_IN_H 1
| #define HAVE_STDDEF_H 1
| #define HAVE_SYS_IOCTL_H 1
| #define HAVE_SYS_SOCKET_H 1
| #define HAVE_SYS_TIME_H 1
| #define HAVE_ERRNO_H 1
| #define TLS __thread
| #define DEBUG 0
| /* end confdefs.h.  */
| #include <pthread.h>
|                         static void routine(void *a) { a = 0; }
|                         static void *start_routine(void *a) { return a; }
| int
| main ()
| {
| pthread_t th; pthread_attr_t attr;
|                         pthread_create(&th, 0, start_routine, 0);
|                         pthread_join(th, 0);
|                         pthread_attr_init(&attr);
|                         pthread_cleanup_push(routine, 0);
|                         pthread_cleanup_pop(0) /* ; */
|   ;
|   return 0;
| }
configure:19282: result: no
configure:19185: checking whether pthreads work with -pthread
configure:19273: gcc -o conftest  -pthread  -fvisibility=hidden  conftest.c   >&5
configure:19273: $? = 0
configure:19282: result: yes
configure:19301: checking for joinable pthread attribute
configure:19316: gcc -o conftest  -pthread  -fvisibility=hidden  conftest.c   >&5
configure:19316: $? = 0
configure:19322: result: PTHREAD_CREATE_JOINABLE
configure:19332: checking if more special flags are required for pthreads
configure:19346: result: no
configure:19352: checking for PTHREAD_PRIO_INHERIT
configure:19370: gcc -o conftest  -pthread  -fvisibility=hidden  conftest.c   >&5
configure:19370: $? = 0
configure:19379: result: yes
configure:23630: checking for fast RSA
configure:23645: result: no
configure:24041: checking for library containing gethostbyname
configure:24072: gcc -o conftest   -fvisibility=hidden  conftest.c   >&5
configure:24072: $? = 0
configure:24089: result: none required
configure:24097: checking for library containing socket
configure:24128: gcc -o conftest   -fvisibility=hidden  conftest.c   >&5
configure:24128: $? = 0
configure:24145: result: none required
configure:24196: checking for vcs system
configure:24216: result: none
configure:24225: checking for vcs checkout
configure:24237: result: no
configure:24307: checking whether the linker accepts -Werror
configure:24326: gcc -o conftest   -fvisibility=hidden   -Werror conftest.c   >&5
configure:24326: $? = 0
configure:24335: result: yes
configure:24349: checking whether the linker accepts -z relro -z now
configure:24368: gcc -o conftest   -fvisibility=hidden  -Werror -z relro -z now conftest.c   >&5
configure:24368: $? = 0
configure:24378: result: yes
configure:24390: checking whether the linker accepts -pie
configure:24409: gcc -o conftest   -fvisibility=hidden  -Werror -pie conftest.c   >&5
configure:24409: $? = 0
configure:24419: result: yes
configure:24432: checking whether C compiler accepts 
configure:24451: gcc -c     -fvisibility=hidden conftest.c >&5
configure:24451: $? = 0
configure:24459: result: yes
configure:24470: : CFLAGS already contains 
configure:24473: $? = 0
configure:24574: checking whether C compiler accepts -Werror
configure:24593: gcc -c   -Werror  -fvisibility=hidden conftest.c >&5
configure:24593: $? = 0
configure:24602: result: yes
configure:24615: : ax_append_compile_cflags_extra="$ax_append_compile_cflags_extra $flag"
configure:24618: $? = 0
configure:24834: checking whether C compiler accepts -Wno-pragmas
configure:24853: gcc -c   -Werror -Wno-pragmas  -fvisibility=hidden conftest.c >&5
configure:24853: $? = 0
configure:24862: result: yes
configure:24875: : CFLAGS="$CFLAGS $flag"
configure:24878: $? = 0
configure:24898: checking whether C compiler accepts -Wall
configure:24917: gcc -c  -Wno-pragmas  -Werror -Wall  -fvisibility=hidden conftest.c >&5
configure:24917: $? = 0
configure:24926: result: yes
configure:24939: : CFLAGS="$CFLAGS $flag"
configure:24942: $? = 0
configure:24961: checking whether C compiler accepts -Wno-strict-aliasing
configure:24980: gcc -c  -Wno-pragmas -Wall  -Werror -Wno-strict-aliasing  -fvisibility=hidden conftest.c >&5
configure:24980: $? = 0
configure:24989: result: yes
configure:25002: : CFLAGS="$CFLAGS $flag"
configure:25005: $? = 0
configure:25024: checking whether C compiler accepts -Wextra
configure:25043: gcc -c  -Wno-pragmas -Wall -Wno-strict-aliasing  -Werror -Wextra  -fvisibility=hidden conftest.c >&5
configure:25043: $? = 0
configure:25052: result: yes
configure:25065: : CFLAGS="$CFLAGS $flag"
configure:25068: $? = 0
configure:25087: checking whether C compiler accepts -Wunknown-pragmas
configure:25106: gcc -c  -Wno-pragmas -Wall -Wno-strict-aliasing -Wextra  -Werror -Wunknown-pragmas  -fvisibility=hidden conftest.c >&5
configure:25106: $? = 0
configure:25115: result: yes
configure:25128: : CFLAGS="$CFLAGS $flag"
configure:25131: $? = 0
configure:25150: checking whether C compiler accepts -Wthis-test-should-fail
configure:25169: gcc -c  -Wno-pragmas -Wall -Wno-strict-aliasing -Wextra -Wunknown-pragmas  -Werror -Wthis-test-should-fail  -fvisibility=hidden conftest.c >&5
gcc: error: unrecognized command line option '-Wthis-test-should-fail'
configure:25169: $? = 1
configure: failed program was:
| /* confdefs.h */
| #define PACKAGE_NAME "wolfssl"
| #define PACKAGE_TARNAME "wolfssl"
| #define PACKAGE_VERSION "3.10.2"
| #define PACKAGE_STRING "wolfssl 3.10.2"
| #define PACKAGE_BUGREPORT "https://github.com/wolfssl/wolfssl/issues"
| #define PACKAGE_URL "http://www.wolfssl.com"
| #define STDC_HEADERS 1
| #define HAVE_SYS_TYPES_H 1
| #define HAVE_SYS_STAT_H 1
| #define HAVE_STDLIB_H 1
| #define HAVE_STRING_H 1
| #define HAVE_MEMORY_H 1
| #define HAVE_STRINGS_H 1
| #define HAVE_INTTYPES_H 1
| #define HAVE_STDINT_H 1
| #define HAVE_UNISTD_H 1
| #define HAVE_DLFCN_H 1
| #define LT_OBJDIR ".libs/"
| #define HAVE_VISIBILITY 1
| #define SIZEOF_LONG_LONG 8
| #define SIZEOF_LONG 8
| #define HAVE___UINT128_T 1
| #define HAVE_GETHOSTBYNAME 1
| #define HAVE_GETADDRINFO 1
| #define HAVE_GETTIMEOFDAY 1
| #define HAVE_GMTIME_R 1
| #define HAVE_INET_NTOA 1
| #define HAVE_MEMSET 1
| #define HAVE_SOCKET 1
| #define HAVE_ARPA_INET_H 1
| #define HAVE_FCNTL_H 1
| #define HAVE_LIMITS_H 1
| #define HAVE_NETDB_H 1
| #define HAVE_NETINET_IN_H 1
| #define HAVE_STDDEF_H 1
| #define HAVE_SYS_IOCTL_H 1
| #define HAVE_SYS_SOCKET_H 1
| #define HAVE_SYS_TIME_H 1
| #define HAVE_ERRNO_H 1
| #define TLS __thread
| #define DEBUG 0
| #define HAVE_PTHREAD_PRIO_INHERIT 1
| #define HAVE_PTHREAD 1
| #define BUILD_USER_RSA /**/
| #define VCS_SYSTEM "none"
| #define VCS_CHECKOUT 0
| /* end confdefs.h.  */
| 
| int
| main ()
| {
| 
|   ;
|   return 0;
| }
configure:25178: result: no
configure:25217: checking whether C compiler accepts --param=ssp-buffer-size=1
configure:25236: gcc -c  -Wno-pragmas -Wall -Wno-strict-aliasing -Wextra -Wunknown-pragmas  -Werror --param=ssp-buffer-size=1  -fvisibility=hidden conftest.c >&5
configure:25236: $? = 0
configure:25245: result: yes
configure:25258: : CFLAGS="$CFLAGS $flag"
configure:25261: $? = 0
configure:25282: checking whether C compiler accepts -Waddress
configure:25301: gcc -c  -Wno-pragmas -Wall -Wno-strict-aliasing -Wextra -Wunknown-pragmas --param=ssp-buffer-size=1  -Werror -Waddress  -fvisibility=hidden conftest.c >&5
configure:25301: $? = 0
configure:25310: result: yes
configure:25323: : CFLAGS="$CFLAGS $flag"
configure:25326: $? = 0
configure:25345: checking whether C compiler accepts -Warray-bounds
configure:25364: gcc -c  -Wno-pragmas -Wall -Wno-strict-aliasing -Wextra -Wunknown-pragmas --param=ssp-buffer-size=1 -Waddress  -Werror -Warray-bounds  -fvisibility=hidden conftest.c >&5
configure:25364: $? = 0
configure:25373: result: yes
configure:25386: : CFLAGS="$CFLAGS $flag"
configure:25389: $? = 0
configure:25408: checking whether C compiler accepts -Wbad-function-cast
configure:25427: gcc -c  -Wno-pragmas -Wall -Wno-strict-aliasing -Wextra -Wunknown-pragmas --param=ssp-buffer-size=1 -Waddress -Warray-bounds  -Werror -Wbad-function-cast  -fvisibility=hidden conftest.c >&5
configure:25427: $? = 0
configure:25436: result: yes
configure:25449: : CFLAGS="$CFLAGS $flag"
configure:25452: $? = 0
configure:25471: checking whether C compiler accepts -Wchar-subscripts
configure:25490: gcc -c  -Wno-pragmas -Wall -Wno-strict-aliasing -Wextra -Wunknown-pragmas --param=ssp-buffer-size=1 -Waddress -Warray-bounds -Wbad-function-cast  -Werror -Wchar-subscripts  -fvisibility=hidden conftest.c >&5
configure:25490: $? = 0
configure:25499: result: yes
configure:25512: : CFLAGS="$CFLAGS $flag"
configure:25515: $? = 0
configure:25534: checking whether C compiler accepts -Wcomment
configure:25553: gcc -c  -Wno-pragmas -Wall -Wno-strict-aliasing -Wextra -Wunknown-pragmas --param=ssp-buffer-size=1 -Waddress -Warray-bounds -Wbad-function-cast -Wchar-subscripts  -Werror -Wcomment  -fvisibility=hidden conftest.c >&5
configure:25553: $? = 0
configure:25562: result: yes
configure:25575: : CFLAGS="$CFLAGS $flag"
configure:25578: $? = 0
configure:25597: checking whether C compiler accepts -Wfloat-equal
configure:25616: gcc -c  -Wno-pragmas -Wall -Wno-strict-aliasing -Wextra -Wunknown-pragmas --param=ssp-buffer-size=1 -Waddress -Warray-bounds -Wbad-function-cast -Wchar-subscripts -Wcomment  -Werror -Wfloat-equal  -fvisibility=hidden conftest.c >&5
configure:25616: $? = 0
configure:25625: result: yes
configure:25638: : CFLAGS="$CFLAGS $flag"
configure:25641: $? = 0
configure:25660: checking whether C compiler accepts -Wformat-security
configure:25679: gcc -c  -Wno-pragmas -Wall -Wno-strict-aliasing -Wextra -Wunknown-pragmas --param=ssp-buffer-size=1 -Waddress -Warray-bounds -Wbad-function-cast -Wchar-subscripts -Wcomment -Wfloat-equal  -Werror -Wformat-security  -fvisibility=hidden conftest.c >&5
configure:25679: $? = 0
configure:25688: result: yes
configure:25701: : CFLAGS="$CFLAGS $flag"
configure:25704: $? = 0
configure:25723: checking whether C compiler accepts -Wformat=2
configure:25742: gcc -c  -Wno-pragmas -Wall -Wno-strict-aliasing -Wextra -Wunknown-pragmas --param=ssp-buffer-size=1 -Waddress -Warray-bounds -Wbad-function-cast -Wchar-subscripts -Wcomment -Wfloat-equal -Wformat-security  -Werror -Wformat=2  -fvisibility=hidden conftest.c >&5
configure:25742: $? = 0
configure:25751: result: yes
configure:25764: : CFLAGS="$CFLAGS $flag"
configure:25767: $? = 0
configure:25786: checking whether C compiler accepts -Wmaybe-uninitialized
configure:25805: gcc -c  -Wno-pragmas -Wall -Wno-strict-aliasing -Wextra -Wunknown-pragmas --param=ssp-buffer-size=1 -Waddress -Warray-bounds -Wbad-function-cast -Wchar-subscripts -Wcomment -Wfloat-equal -Wformat-security -Wformat=2  -Werror -Wmaybe-uninitialized  -fvisibility=hidden conftest.c >&5
configure:25805: $? = 0
configure:25814: result: yes
configure:25827: : CFLAGS="$CFLAGS $flag"
configure:25830: $? = 0
configure:25849: checking whether C compiler accepts -Wmissing-field-initializers
configure:25868: gcc -c  -Wno-pragmas -Wall -Wno-strict-aliasing -Wextra -Wunknown-pragmas --param=ssp-buffer-size=1 -Waddress -Warray-bounds -Wbad-function-cast -Wchar-subscripts -Wcomment -Wfloat-equal -Wformat-security -Wformat=2 -Wmaybe-uninitialized  -Werror -Wmissing-field-initializers  -fvisibility=hidden conftest.c >&5
configure:25868: $? = 0
configure:25877: result: yes
configure:25890: : CFLAGS="$CFLAGS $flag"
configure:25893: $? = 0
configure:25912: checking whether C compiler accepts -Wmissing-noreturn
configure:25931: gcc -c  -Wno-pragmas -Wall -Wno-strict-aliasing -Wextra -Wunknown-pragmas --param=ssp-buffer-size=1 -Waddress -Warray-bounds -Wbad-function-cast -Wchar-subscripts -Wcomment -Wfloat-equal -Wformat-security -Wformat=2 -Wmaybe-uninitialized -Wmissing-field-initializers  -Werror -Wmissing-noreturn  -fvisibility=hidden conftest.c >&5
configure:25931: $? = 0
configure:25940: result: yes
configure:25953: : CFLAGS="$CFLAGS $flag"
configure:25956: $? = 0
configure:25975: checking whether C compiler accepts -Wmissing-prototypes
configure:25994: gcc -c  -Wno-pragmas -Wall -Wno-strict-aliasing -Wextra -Wunknown-pragmas --param=ssp-buffer-size=1 -Waddress -Warray-bounds -Wbad-function-cast -Wchar-subscripts -Wcomment -Wfloat-equal -Wformat-security -Wformat=2 -Wmaybe-uninitialized -Wmissing-field-initializers -Wmissing-noreturn  -Werror -Wmissing-prototypes  -fvisibility=hidden conftest.c >&5
configure:25994: $? = 0
configure:26003: result: yes
configure:26016: : CFLAGS="$CFLAGS $flag"
configure:26019: $? = 0
configure:26038: checking whether C compiler accepts -Wnested-externs
configure:26057: gcc -c  -Wno-pragmas -Wall -Wno-strict-aliasing -Wextra -Wunknown-pragmas --param=ssp-buffer-size=1 -Waddress -Warray-bounds -Wbad-function-cast -Wchar-subscripts -Wcomment -Wfloat-equal -Wformat-security -Wformat=2 -Wmaybe-uninitialized -Wmissing-field-initializers -Wmissing-noreturn -Wmissing-prototypes  -Werror -Wnested-externs  -fvisibility=hidden conftest.c >&5
configure:26057: $? = 0
configure:26066: result: yes
configure:26079: : CFLAGS="$CFLAGS $flag"
configure:26082: $? = 0
configure:26101: checking whether C compiler accepts -Wnormalized=id
configure:26120: gcc -c  -Wno-pragmas -Wall -Wno-strict-aliasing -Wextra -Wunknown-pragmas --param=ssp-buffer-size=1 -Waddress -Warray-bounds -Wbad-function-cast -Wchar-subscripts -Wcomment -Wfloat-equal -Wformat-security -Wformat=2 -Wmaybe-uninitialized -Wmissing-field-initializers -Wmissing-noreturn -Wmissing-prototypes -Wnested-externs  -Werror -Wnormalized=id  -fvisibility=hidden conftest.c >&5
configure:26120: $? = 0
configure:26129: result: yes
configure:26142: : CFLAGS="$CFLAGS $flag"
configure:26145: $? = 0
configure:26164: checking whether C compiler accepts -Woverride-init
configure:26183: gcc -c  -Wno-pragmas -Wall -Wno-strict-aliasing -Wextra -Wunknown-pragmas --param=ssp-buffer-size=1 -Waddress -Warray-bounds -Wbad-function-cast -Wchar-subscripts -Wcomment -Wfloat-equal -Wformat-security -Wformat=2 -Wmaybe-uninitialized -Wmissing-field-initializers -Wmissing-noreturn -Wmissing-prototypes -Wnested-externs -Wnormalized=id  -Werror -Woverride-init  -fvisibility=hidden conftest.c >&5
configure:26183: $? = 0
configure:26192: result: yes
configure:26205: : CFLAGS="$CFLAGS $flag"
configure:26208: $? = 0
configure:26227: checking whether C compiler accepts -Wpointer-arith
configure:26246: gcc -c  -Wno-pragmas -Wall -Wno-strict-aliasing -Wextra -Wunknown-pragmas --param=ssp-buffer-size=1 -Waddress -Warray-bounds -Wbad-function-cast -Wchar-subscripts -Wcomment -Wfloat-equal -Wformat-security -Wformat=2 -Wmaybe-uninitialized -Wmissing-field-initializers -Wmissing-noreturn -Wmissing-prototypes -Wnested-externs -Wnormalized=id -Woverride-init  -Werror -Wpointer-arith  -fvisibility=hidden conftest.c >&5
configure:26246: $? = 0
configure:26255: result: yes
configure:26268: : CFLAGS="$CFLAGS $flag"
configure:26271: $? = 0
configure:26290: checking whether C compiler accepts -Wpointer-sign
configure:26309: gcc -c  -Wno-pragmas -Wall -Wno-strict-aliasing -Wextra -Wunknown-pragmas --param=ssp-buffer-size=1 -Waddress -Warray-bounds -Wbad-function-cast -Wchar-subscripts -Wcomment -Wfloat-equal -Wformat-security -Wformat=2 -Wmaybe-uninitialized -Wmissing-field-initializers -Wmissing-noreturn -Wmissing-prototypes -Wnested-externs -Wnormalized=id -Woverride-init -Wpointer-arith  -Werror -Wpointer-sign  -fvisibility=hidden conftest.c >&5
configure:26309: $? = 0
configure:26318: result: yes
configure:26331: : CFLAGS="$CFLAGS $flag"
configure:26334: $? = 0
configure:26353: checking whether C compiler accepts -Wredundant-decls
configure:26372: gcc -c  -Wno-pragmas -Wall -Wno-strict-aliasing -Wextra -Wunknown-pragmas --param=ssp-buffer-size=1 -Waddress -Warray-bounds -Wbad-function-cast -Wchar-subscripts -Wcomment -Wfloat-equal -Wformat-security -Wformat=2 -Wmaybe-uninitialized -Wmissing-field-initializers -Wmissing-noreturn -Wmissing-prototypes -Wnested-externs -Wnormalized=id -Woverride-init -Wpointer-arith -Wpointer-sign  -Werror -Wredundant-decls  -fvisibility=hidden conftest.c >&5
configure:26372: $? = 0
configure:26381: result: yes
configure:26394: : CFLAGS="$CFLAGS $flag"
configure:26397: $? = 0
configure:26416: checking whether C compiler accepts -Wshadow
configure:26435: gcc -c  -Wno-pragmas -Wall -Wno-strict-aliasing -Wextra -Wunknown-pragmas --param=ssp-buffer-size=1 -Waddress -Warray-bounds -Wbad-function-cast -Wchar-subscripts -Wcomment -Wfloat-equal -Wformat-security -Wformat=2 -Wmaybe-uninitialized -Wmissing-field-initializers -Wmissing-noreturn -Wmissing-prototypes -Wnested-externs -Wnormalized=id -Woverride-init -Wpointer-arith -Wpointer-sign -Wredundant-decls  -Werror -Wshadow  -fvisibility=hidden conftest.c >&5
configure:26435: $? = 0
configure:26444: result: yes
configure:26457: : CFLAGS="$CFLAGS $flag"
configure:26460: $? = 0
configure:26479: checking whether C compiler accepts -Wshorten-64-to-32
configure:26498: gcc -c  -Wno-pragmas -Wall -Wno-strict-aliasing -Wextra -Wunknown-pragmas --param=ssp-buffer-size=1 -Waddress -Warray-bounds -Wbad-function-cast -Wchar-subscripts -Wcomment -Wfloat-equal -Wformat-security -Wformat=2 -Wmaybe-uninitialized -Wmissing-field-initializers -Wmissing-noreturn -Wmissing-prototypes -Wnested-externs -Wnormalized=id -Woverride-init -Wpointer-arith -Wpointer-sign -Wredundant-decls -Wshadow  -Werror -Wshorten-64-to-32  -fvisibility=hidden conftest.c >&5
gcc: error: unrecognized command line option '-Wshorten-64-to-32'
configure:26498: $? = 1
configure: failed program was:
| /* confdefs.h */
| #define PACKAGE_NAME "wolfssl"
| #define PACKAGE_TARNAME "wolfssl"
| #define PACKAGE_VERSION "3.10.2"
| #define PACKAGE_STRING "wolfssl 3.10.2"
| #define PACKAGE_BUGREPORT "https://github.com/wolfssl/wolfssl/issues"
| #define PACKAGE_URL "http://www.wolfssl.com"
| #define STDC_HEADERS 1
| #define HAVE_SYS_TYPES_H 1
| #define HAVE_SYS_STAT_H 1
| #define HAVE_STDLIB_H 1
| #define HAVE_STRING_H 1
| #define HAVE_MEMORY_H 1
| #define HAVE_STRINGS_H 1
| #define HAVE_INTTYPES_H 1
| #define HAVE_STDINT_H 1
| #define HAVE_UNISTD_H 1
| #define HAVE_DLFCN_H 1
| #define LT_OBJDIR ".libs/"
| #define HAVE_VISIBILITY 1
| #define SIZEOF_LONG_LONG 8
| #define SIZEOF_LONG 8
| #define HAVE___UINT128_T 1
| #define HAVE_GETHOSTBYNAME 1
| #define HAVE_GETADDRINFO 1
| #define HAVE_GETTIMEOFDAY 1
| #define HAVE_GMTIME_R 1
| #define HAVE_INET_NTOA 1
| #define HAVE_MEMSET 1
| #define HAVE_SOCKET 1
| #define HAVE_ARPA_INET_H 1
| #define HAVE_FCNTL_H 1
| #define HAVE_LIMITS_H 1
| #define HAVE_NETDB_H 1
| #define HAVE_NETINET_IN_H 1
| #define HAVE_STDDEF_H 1
| #define HAVE_SYS_IOCTL_H 1
| #define HAVE_SYS_SOCKET_H 1
| #define HAVE_SYS_TIME_H 1
| #define HAVE_ERRNO_H 1
| #define TLS __thread
| #define DEBUG 0
| #define HAVE_PTHREAD_PRIO_INHERIT 1
| #define HAVE_PTHREAD 1
| #define BUILD_USER_RSA /**/
| #define VCS_SYSTEM "none"
| #define VCS_CHECKOUT 0
| /* end confdefs.h.  */
| 
| int
| main ()
| {
| 
|   ;
|   return 0;
| }
configure:26507: result: no
configure:26542: checking whether C compiler accepts -Wsign-compare
configure:26561: gcc -c  -Wno-pragmas -Wall -Wno-strict-aliasing -Wextra -Wunknown-pragmas --param=ssp-buffer-size=1 -Waddress -Warray-bounds -Wbad-function-cast -Wchar-subscripts -Wcomment -Wfloat-equal -Wformat-security -Wformat=2 -Wmaybe-uninitialized -Wmissing-field-initializers -Wmissing-noreturn -Wmissing-prototypes -Wnested-externs -Wnormalized=id -Woverride-init -Wpointer-arith -Wpointer-sign -Wredundant-decls -Wshadow  -Werror -Wsign-compare  -fvisibility=hidden conftest.c >&5
configure:26561: $? = 0
configure:26570: result: yes
configure:26583: : CFLAGS="$CFLAGS $flag"
configure:26586: $? = 0
configure:26605: checking whether C compiler accepts -Wstrict-overflow=1
configure:26624: gcc -c  -Wno-pragmas -Wall -Wno-strict-aliasing -Wextra -Wunknown-pragmas --param=ssp-buffer-size=1 -Waddress -Warray-bounds -Wbad-function-cast -Wchar-subscripts -Wcomment -Wfloat-equal -Wformat-security -Wformat=2 -Wmaybe-uninitialized -Wmissing-field-initializers -Wmissing-noreturn -Wmissing-prototypes -Wnested-externs -Wnormalized=id -Woverride-init -Wpointer-arith -Wpointer-sign -Wredundant-decls -Wshadow -Wsign-compare  -Werror -Wstrict-overflow=1  -fvisibility=hidden conftest.c >&5
configure:26624: $? = 0
configure:26633: result: yes
configure:26646: : CFLAGS="$CFLAGS $flag"
configure:26649: $? = 0
configure:26668: checking whether C compiler accepts -Wstrict-prototypes
configure:26687: gcc -c  -Wno-pragmas -Wall -Wno-strict-aliasing -Wextra -Wunknown-pragmas --param=ssp-buffer-size=1 -Waddress -Warray-bounds -Wbad-function-cast -Wchar-subscripts -Wcomment -Wfloat-equal -Wformat-security -Wformat=2 -Wmaybe-uninitialized -Wmissing-field-initializers -Wmissing-noreturn -Wmissing-prototypes -Wnested-externs -Wnormalized=id -Woverride-init -Wpointer-arith -Wpointer-sign -Wredundant-decls -Wshadow -Wsign-compare -Wstrict-overflow=1  -Werror -Wstrict-prototypes  -fvisibility=hidden conftest.c >&5
conftest.c:51:1: error: function declaration isn't a prototype [-Werror=strict-prototypes]
 main ()
 ^
cc1: all warnings being treated as errors
configure:26687: $? = 1
configure: failed program was:
| /* confdefs.h */
| #define PACKAGE_NAME "wolfssl"
| #define PACKAGE_TARNAME "wolfssl"
| #define PACKAGE_VERSION "3.10.2"
| #define PACKAGE_STRING "wolfssl 3.10.2"
| #define PACKAGE_BUGREPORT "https://github.com/wolfssl/wolfssl/issues"
| #define PACKAGE_URL "http://www.wolfssl.com"
| #define STDC_HEADERS 1
| #define HAVE_SYS_TYPES_H 1
| #define HAVE_SYS_STAT_H 1
| #define HAVE_STDLIB_H 1
| #define HAVE_STRING_H 1
| #define HAVE_MEMORY_H 1
| #define HAVE_STRINGS_H 1
| #define HAVE_INTTYPES_H 1
| #define HAVE_STDINT_H 1
| #define HAVE_UNISTD_H 1
| #define HAVE_DLFCN_H 1
| #define LT_OBJDIR ".libs/"
| #define HAVE_VISIBILITY 1
| #define SIZEOF_LONG_LONG 8
| #define SIZEOF_LONG 8
| #define HAVE___UINT128_T 1
| #define HAVE_GETHOSTBYNAME 1
| #define HAVE_GETADDRINFO 1
| #define HAVE_GETTIMEOFDAY 1
| #define HAVE_GMTIME_R 1
| #define HAVE_INET_NTOA 1
| #define HAVE_MEMSET 1
| #define HAVE_SOCKET 1
| #define HAVE_ARPA_INET_H 1
| #define HAVE_FCNTL_H 1
| #define HAVE_LIMITS_H 1
| #define HAVE_NETDB_H 1
| #define HAVE_NETINET_IN_H 1
| #define HAVE_STDDEF_H 1
| #define HAVE_SYS_IOCTL_H 1
| #define HAVE_SYS_SOCKET_H 1
| #define HAVE_SYS_TIME_H 1
| #define HAVE_ERRNO_H 1
| #define TLS __thread
| #define DEBUG 0
| #define HAVE_PTHREAD_PRIO_INHERIT 1
| #define HAVE_PTHREAD 1
| #define BUILD_USER_RSA /**/
| #define VCS_SYSTEM "none"
| #define VCS_CHECKOUT 0
| /* end confdefs.h.  */
| 
| int
| main ()
| {
| 
|   ;
|   return 0;
| }
configure:26696: result: no
configure:26731: checking whether C compiler accepts -Wswitch-enum
configure:26750: gcc -c  -Wno-pragmas -Wall -Wno-strict-aliasing -Wextra -Wunknown-pragmas --param=ssp-buffer-size=1 -Waddress -Warray-bounds -Wbad-function-cast -Wchar-subscripts -Wcomment -Wfloat-equal -Wformat-security -Wformat=2 -Wmaybe-uninitialized -Wmissing-field-initializers -Wmissing-noreturn -Wmissing-prototypes -Wnested-externs -Wnormalized=id -Woverride-init -Wpointer-arith -Wpointer-sign -Wredundant-decls -Wshadow -Wsign-compare -Wstrict-overflow=1  -Werror -Wswitch-enum  -fvisibility=hidden conftest.c >&5
configure:26750: $? = 0
configure:26759: result: yes
configure:26772: : CFLAGS="$CFLAGS $flag"
configure:26775: $? = 0
configure:26794: checking whether C compiler accepts -Wundef
configure:26813: gcc -c  -Wno-pragmas -Wall -Wno-strict-aliasing -Wextra -Wunknown-pragmas --param=ssp-buffer-size=1 -Waddress -Warray-bounds -Wbad-function-cast -Wchar-subscripts -Wcomment -Wfloat-equal -Wformat-security -Wformat=2 -Wmaybe-uninitialized -Wmissing-field-initializers -Wmissing-noreturn -Wmissing-prototypes -Wnested-externs -Wnormalized=id -Woverride-init -Wpointer-arith -Wpointer-sign -Wredundant-decls -Wshadow -Wsign-compare -Wstrict-overflow=1 -Wswitch-enum  -Werror -Wundef  -fvisibility=hidden conftest.c >&5
configure:26813: $? = 0
configure:26822: result: yes
configure:26835: : CFLAGS="$CFLAGS $flag"
configure:26838: $? = 0
configure:26857: checking whether C compiler accepts -Wunused
configure:26876: gcc -c  -Wno-pragmas -Wall -Wno-strict-aliasing -Wextra -Wunknown-pragmas --param=ssp-buffer-size=1 -Waddress -Warray-bounds -Wbad-function-cast -Wchar-subscripts -Wcomment -Wfloat-equal -Wformat-security -Wformat=2 -Wmaybe-uninitialized -Wmissing-field-initializers -Wmissing-noreturn -Wmissing-prototypes -Wnested-externs -Wnormalized=id -Woverride-init -Wpointer-arith -Wpointer-sign -Wredundant-decls -Wshadow -Wsign-compare -Wstrict-overflow=1 -Wswitch-enum -Wundef  -Werror -Wunused  -fvisibility=hidden conftest.c >&5
configure:26876: $? = 0
configure:26885: result: yes
configure:26898: : CFLAGS="$CFLAGS $flag"
configure:26901: $? = 0
configure:26920: checking whether C compiler accepts -Wunused-result
configure:26939: gcc -c  -Wno-pragmas -Wall -Wno-strict-aliasing -Wextra -Wunknown-pragmas --param=ssp-buffer-size=1 -Waddress -Warray-bounds -Wbad-function-cast -Wchar-subscripts -Wcomment -Wfloat-equal -Wformat-security -Wformat=2 -Wmaybe-uninitialized -Wmissing-field-initializers -Wmissing-noreturn -Wmissing-prototypes -Wnested-externs -Wnormalized=id -Woverride-init -Wpointer-arith -Wpointer-sign -Wredundant-decls -Wshadow -Wsign-compare -Wstrict-overflow=1 -Wswitch-enum -Wundef -Wunused  -Werror -Wunused-result  -fvisibility=hidden conftest.c >&5
configure:26939: $? = 0
configure:26948: result: yes
configure:26961: : CFLAGS="$CFLAGS $flag"
configure:26964: $? = 0
configure:26983: checking whether C compiler accepts -Wunused-variable
configure:27002: gcc -c  -Wno-pragmas -Wall -Wno-strict-aliasing -Wextra -Wunknown-pragmas --param=ssp-buffer-size=1 -Waddress -Warray-bounds -Wbad-function-cast -Wchar-subscripts -Wcomment -Wfloat-equal -Wformat-security -Wformat=2 -Wmaybe-uninitialized -Wmissing-field-initializers -Wmissing-noreturn -Wmissing-prototypes -Wnested-externs -Wnormalized=id -Woverride-init -Wpointer-arith -Wpointer-sign -Wredundant-decls -Wshadow -Wsign-compare -Wstrict-overflow=1 -Wswitch-enum -Wundef -Wunused -Wunused-result  -Werror -Wunused-variable  -fvisibility=hidden conftest.c >&5
configure:27002: $? = 0
configure:27011: result: yes
configure:27024: : CFLAGS="$CFLAGS $flag"
configure:27027: $? = 0
configure:27046: checking whether C compiler accepts -Wwrite-strings
configure:27065: gcc -c  -Wno-pragmas -Wall -Wno-strict-aliasing -Wextra -Wunknown-pragmas --param=ssp-buffer-size=1 -Waddress -Warray-bounds -Wbad-function-cast -Wchar-subscripts -Wcomment -Wfloat-equal -Wformat-security -Wformat=2 -Wmaybe-uninitialized -Wmissing-field-initializers -Wmissing-noreturn -Wmissing-prototypes -Wnested-externs -Wnormalized=id -Woverride-init -Wpointer-arith -Wpointer-sign -Wredundant-decls -Wshadow -Wsign-compare -Wstrict-overflow=1 -Wswitch-enum -Wundef -Wunused -Wunused-result -Wunused-variable  -Werror -Wwrite-strings  -fvisibility=hidden conftest.c >&5
configure:27065: $? = 0
configure:27074: result: yes
configure:27087: : CFLAGS="$CFLAGS $flag"
configure:27090: $? = 0
configure:27109: checking whether C compiler accepts -fwrapv
configure:27128: gcc -c  -Wno-pragmas -Wall -Wno-strict-aliasing -Wextra -Wunknown-pragmas --param=ssp-buffer-size=1 -Waddress -Warray-bounds -Wbad-function-cast -Wchar-subscripts -Wcomment -Wfloat-equal -Wformat-security -Wformat=2 -Wmaybe-uninitialized -Wmissing-field-initializers -Wmissing-noreturn -Wmissing-prototypes -Wnested-externs -Wnormalized=id -Woverride-init -Wpointer-arith -Wpointer-sign -Wredundant-decls -Wshadow -Wsign-compare -Wstrict-overflow=1 -Wswitch-enum -Wundef -Wunused -Wunused-result -Wunused-variable -Wwrite-strings  -Werror -fwrapv  -fvisibility=hidden conftest.c >&5
configure:27128: $? = 0
configure:27137: result: yes
configure:27150: : CFLAGS="$CFLAGS $flag"
configure:27153: $? = 0
configure:27240: result: creating wolfssl-config - generic 3.10.2 for -lwolfssl
configure:27368: checking the number of available CPUs
configure:27411: result: 4 
configure:27424: adding automake macro support
configure:27428: creating aminclude.am
configure:27458: added jobserver support to make for 5 jobs
configure:27579: checking that generated files are newer than configure
configure:27585: result: done
configure:27973: creating ./config.status

## ---------------------- ##
## Running config.status. ##
## ---------------------- ##

This file was extended by wolfssl config.status 3.10.2, which was
generated by GNU Autoconf 2.69.  Invocation command line was

  CONFIG_FILES    = 
  CONFIG_HEADERS  = 
  CONFIG_LINKS    = 
  CONFIG_COMMANDS = 
  $ ./config.status 

on txgcwm

config.status:1366: creating stamp-h
config.status:1366: creating Makefile
config.status:1366: creating wolfssl/version.h
config.status:1366: creating wolfssl/options.h
config.status:1366: creating support/wolfssl.pc
config.status:1366: creating rpm/spec
config.status:1366: creating config.h
config.status:1547: config.h is unchanged
config.status:1595: executing depfiles commands
config.status:1595: executing libtool commands

## ---------------- ##
## Cache variables. ##
## ---------------- ##

ac_cv_build=x86_64-unknown-linux-gnu
ac_cv_c_bigendian=no
ac_cv_c_compiler_gnu=yes
ac_cv_c_uint8_t=yes
ac_cv_cxx_compiler_gnu=yes
ac_cv_env_CCASFLAGS_set=
ac_cv_env_CCASFLAGS_value=
ac_cv_env_CCAS_set=
ac_cv_env_CCAS_value=
ac_cv_env_CCC_set=
ac_cv_env_CCC_value=
ac_cv_env_CC_set=
ac_cv_env_CC_value=
ac_cv_env_CFLAGS_set=
ac_cv_env_CFLAGS_value=
ac_cv_env_CPPFLAGS_set=
ac_cv_env_CPPFLAGS_value=
ac_cv_env_CPP_set=
ac_cv_env_CPP_value=
ac_cv_env_CXXCPP_set=
ac_cv_env_CXXCPP_value=
ac_cv_env_CXXFLAGS_set=
ac_cv_env_CXXFLAGS_value=
ac_cv_env_CXX_set=
ac_cv_env_CXX_value=
ac_cv_env_LDFLAGS_set=
ac_cv_env_LDFLAGS_value=
ac_cv_env_LIBS_set=
ac_cv_env_LIBS_value=
ac_cv_env_LT_SYS_LIBRARY_PATH_set=
ac_cv_env_LT_SYS_LIBRARY_PATH_value=
ac_cv_env_build_alias_set=
ac_cv_env_build_alias_value=
ac_cv_env_host_alias_set=
ac_cv_env_host_alias_value=
ac_cv_env_target_alias_set=
ac_cv_env_target_alias_value=
ac_cv_func_getaddrinfo=yes
ac_cv_func_gethostbyname=yes
ac_cv_func_gettimeofday=yes
ac_cv_func_gmtime_r=yes
ac_cv_func_inet_ntoa=yes
ac_cv_func_memset=yes
ac_cv_func_socket=yes
ac_cv_header_arpa_inet_h=yes
ac_cv_header_dlfcn_h=yes
ac_cv_header_errno_h=yes
ac_cv_header_fcntl_h=yes
ac_cv_header_inttypes_h=yes
ac_cv_header_limits_h=yes
ac_cv_header_memory_h=yes
ac_cv_header_netdb_h=yes
ac_cv_header_netinet_in_h=yes
ac_cv_header_stdc=yes
ac_cv_header_stddef_h=yes
ac_cv_header_stdint_h=yes
ac_cv_header_stdlib_h=yes
ac_cv_header_string_h=yes
ac_cv_header_strings_h=yes
ac_cv_header_sys_ioctl_h=yes
ac_cv_header_sys_socket_h=yes
ac_cv_header_sys_stat_h=yes
ac_cv_header_sys_time_h=yes
ac_cv_header_sys_types_h=yes
ac_cv_header_unistd_h=yes
ac_cv_host=x86_64-unknown-linux-gnu
ac_cv_lib_m_cos=yes
ac_cv_lib_network_socket=no
ac_cv_objext=o
ac_cv_path_EGREP='/bin/grep -E'
ac_cv_path_FGREP='/bin/grep -F'
ac_cv_path_GREP=/bin/grep
ac_cv_path_SED=/bin/sed
ac_cv_path_install='/usr/bin/install -c'
ac_cv_path_lt_DD=/bin/dd
ac_cv_path_mkdir=/bin/mkdir
ac_cv_prog_AWK=gawk
ac_cv_prog_CPP='gcc -E'
ac_cv_prog_CXXCPP='g++ -E'
ac_cv_prog_ac_ct_AR=ar
ac_cv_prog_ac_ct_CC=gcc
ac_cv_prog_ac_ct_CXX=g++
ac_cv_prog_ac_ct_MANIFEST_TOOL=mt
ac_cv_prog_ac_ct_OBJDUMP=objdump
ac_cv_prog_ac_ct_RANLIB=ranlib
ac_cv_prog_ac_ct_STRIP=strip
ac_cv_prog_cc_c89=
ac_cv_prog_cc_g=yes
ac_cv_prog_cc_gcc_c_o=yes
ac_cv_prog_cxx_g=yes
ac_cv_prog_make_make_set=yes
ac_cv_search_gethostbyname='none required'
ac_cv_search_socket='none required'
ac_cv_sizeof_long=8
ac_cv_sizeof_long_long=8
ac_cv_tls=__thread
ac_cv_type___uint128_t=yes
ac_cv_type_size_t=yes
ac_cv_vcs_checkout=no
ac_cv_vcs_system=none
ac_cv_warnings_as_errors=no
am_cv_CCAS_dependencies_compiler_type=gcc3
am_cv_CC_dependencies_compiler_type=gcc3
am_cv_CXX_dependencies_compiler_type=gcc3
am_cv_make_support_nested_variables=yes
am_cv_prog_cc_c_o=yes
am_cv_prog_tar_ustar=gnutar
ax_cv_PTHREAD_PRIO_INHERIT=yes
ax_cv_check_cflags__=yes
ax_cv_check_cflags__Waddress=yes
ax_cv_check_cflags__Wall=yes
ax_cv_check_cflags__Warray_bounds=yes
ax_cv_check_cflags__Wbad_function_cast=yes
ax_cv_check_cflags__Wchar_subscripts=yes
ax_cv_check_cflags__Wcomment=yes
ax_cv_check_cflags__Wextra=yes
ax_cv_check_cflags__Wfloat_equal=yes
ax_cv_check_cflags__Wformat_2=yes
ax_cv_check_cflags__Wformat_security=yes
ax_cv_check_cflags__Wmaybe_uninitialized=yes
ax_cv_check_cflags__Wmissing_field_initializers=yes
ax_cv_check_cflags__Wmissing_noreturn=yes
ax_cv_check_cflags__Wmissing_prototypes=yes
ax_cv_check_cflags__Wnested_externs=yes
ax_cv_check_cflags__Wno_pragmas=yes
ax_cv_check_cflags__Wno_strict_aliasing=yes
ax_cv_check_cflags__Wnormalized_id=yes
ax_cv_check_cflags__Woverride_init=yes
ax_cv_check_cflags__Wpointer_arith=yes
ax_cv_check_cflags__Wpointer_sign=yes
ax_cv_check_cflags__Wredundant_decls=yes
ax_cv_check_cflags__Wshadow=yes
ax_cv_check_cflags__Wshorten_64_to_32=no
ax_cv_check_cflags__Wsign_compare=yes
ax_cv_check_cflags__Wstrict_overflow_1=yes
ax_cv_check_cflags__Wstrict_prototypes=no
ax_cv_check_cflags__Wswitch_enum=yes
ax_cv_check_cflags__Wthis_test_should_fail=no
ax_cv_check_cflags__Wundef=yes
ax_cv_check_cflags__Wunknown_pragmas=yes
ax_cv_check_cflags__Wunused=yes
ax_cv_check_cflags__Wunused_result=yes
ax_cv_check_cflags__Wunused_variable=yes
ax_cv_check_cflags__Wwrite_strings=yes
ax_cv_check_cflags___Werror=yes
ax_cv_check_cflags___param_ssp_buffer_size_1=yes
ax_cv_check_cflags__fwrapv=yes
ax_cv_check_ldflags___Werror=yes
ax_cv_check_ldflags__pie=yes
ax_cv_check_ldflags__z_relro__z_now=yes
gl_cv_cc_vis_werror=yes
gl_cv_cc_visibility=yes
lt_cv_ar_at_file=@
lt_cv_archive_cmds_need_lc=no
lt_cv_deplibs_check_method=pass_all
lt_cv_file_magic_cmd='$MAGIC_CMD'
lt_cv_file_magic_test_file=
lt_cv_ld_reload_flag=-r
lt_cv_nm_interface='BSD nm'
lt_cv_objdir=.libs
lt_cv_path_LD=/usr/bin/ld
lt_cv_path_LDCXX='/usr/bin/ld -m elf_x86_64'
lt_cv_path_NM='/usr/bin/nm -B'
lt_cv_path_mainfest_tool=no
lt_cv_prog_compiler_c_o=yes
lt_cv_prog_compiler_c_o_CXX=yes
lt_cv_prog_compiler_pic='-fPIC -DPIC'
lt_cv_prog_compiler_pic_CXX='-fPIC -DPIC'
lt_cv_prog_compiler_pic_works=yes
lt_cv_prog_compiler_pic_works_CXX=yes
lt_cv_prog_compiler_rtti_exceptions=no
lt_cv_prog_compiler_static_works=yes
lt_cv_prog_compiler_static_works_CXX=yes
lt_cv_prog_gnu_ld=yes
lt_cv_prog_gnu_ldcxx=yes
lt_cv_sharedlib_from_linklib_cmd='printf %s\n'
lt_cv_shlibpath_overrides_runpath=no
lt_cv_sys_global_symbol_pipe='sed -n -e '\''s/^.*[	 ]\([ABCDGIRSTW][ABCDGIRSTW]*\)[	 ][	 ]*\([_A-Za-z][_A-Za-z0-9]*\)$/\1 \2 \2/p'\'' | sed '\''/ __gnu_lto/d'\'''
lt_cv_sys_global_symbol_to_c_name_address='sed -n -e '\''s/^: \(.*\) .*$/  {"\1", (void *) 0},/p'\'' -e '\''s/^[ABCDGIRSTW][ABCDGIRSTW]* .* \(.*\)$/  {"\1", (void *) \&\1},/p'\'''
lt_cv_sys_global_symbol_to_c_name_address_lib_prefix='sed -n -e '\''s/^: \(.*\) .*$/  {"\1", (void *) 0},/p'\'' -e '\''s/^[ABCDGIRSTW][ABCDGIRSTW]* .* \(lib.*\)$/  {"\1", (void *) \&\1},/p'\'' -e '\''s/^[ABCDGIRSTW][ABCDGIRSTW]* .* \(.*\)$/  {"lib\1", (void *) \&\1},/p'\'''
lt_cv_sys_global_symbol_to_cdecl='sed -n -e '\''s/^T .* \(.*\)$/extern int \1();/p'\'' -e '\''s/^[ABCDGIRSTW][ABCDGIRSTW]* .* \(.*\)$/extern char \1;/p'\'''
lt_cv_sys_global_symbol_to_import=
lt_cv_sys_max_cmd_len=1572864
lt_cv_to_host_file_cmd=func_convert_file_noop
lt_cv_to_tool_file_cmd=func_convert_file_noop
lt_cv_truncate_bin='/bin/dd bs=4096 count=1'

## ----------------- ##
## Output variables. ##
## ----------------- ##

ACLOCAL='${SHELL} /srv/example/mine/code_study/cplusplus/aes/wolfssl-3.10.2/build-aux/missing aclocal-1.15'
AMDEPBACKSLASH='\'
AMDEP_FALSE='#'
AMDEP_TRUE=''
AMINCLUDE='aminclude.am'
AMTAR='$${TAR-tar}'
AM_BACKSLASH='\'
AM_CCASFLAGS=''
AM_CFLAGS='-DOPENSSL_EXTRA -D_POSIX_THREADS  -DHAVE_THREAD_LS -DNDEBUG -pthread -DTFM_TIMING_RESISTANT -DECC_TIMING_RESISTANT -DWC_RSA_BLINDING -DTEST_IPV6 -DHAVE_AESGCM -DWOLFSSL_SHA512 -DWOLFSSL_SHA384 -DHAVE_HKDF -DNO_DSA -DHAVE_ECC -DTFM_ECC256 -DECC_SHAMIR -DWOLFSSL_CUSTOM_CURVES -DHAVE_CURVE25519 -DNO_OLD_TLS -DWOLFSSL_BASE64_ENCODE -DNO_RC4 -DNO_HC128 -DNO_RABBIT -DWOLFSSL_SHA224 -DHAVE_POLY1305 -DHAVE_ONE_TIME_AUTH -DHAVE_CHACHA -DHAVE_HASHDRBG -DHAVE_TLS_EXTENSIONS -DHAVE_SNI -DHAVE_TLS_EXTENSIONS -DHAVE_ALPN -DHAVE_TLS_EXTENSIONS -DHAVE_SUPPORTED_CURVES -DHAVE_EXTENDED_MASTER -DNO_PSK -DNO_MD4 -DUSE_FAST_MATH -DWOLFSSL_X86_64_BUILD -DNO_DES3 -Wall -Wno-unused -O2 -fomit-frame-pointer -DHAVE___UINT128_T'
AM_CPPFLAGS=' -fvisibility=hidden'
AM_DEFAULT_V='$(AM_DEFAULT_VERBOSITY)'
AM_DEFAULT_VERBOSITY='0'
AM_LDFLAGS=''
AM_V='$(V)'
AR='ar'
AUTOCONF='${SHELL} /srv/example/mine/code_study/cplusplus/aes/wolfssl-3.10.2/build-aux/missing autoconf'
AUTOHEADER='${SHELL} /srv/example/mine/code_study/cplusplus/aes/wolfssl-3.10.2/build-aux/missing autoheader'
AUTOMAKE='${SHELL} /srv/example/mine/code_study/cplusplus/aes/wolfssl-3.10.2/build-aux/missing automake-1.15'
AWK='gawk'
BUILD_AESCCM_FALSE=''
BUILD_AESCCM_TRUE='#'
BUILD_AESGCM_FALSE='#'
BUILD_AESGCM_TRUE=''
BUILD_AESNI_FALSE=''
BUILD_AESNI_TRUE='#'
BUILD_AES_FALSE='#'
BUILD_AES_TRUE=''
BUILD_ARMASM_FALSE=''
BUILD_ARMASM_TRUE='#'
BUILD_ASN_FALSE='#'
BUILD_ASN_TRUE=''
BUILD_ASYNCCRYPT_FALSE=''
BUILD_ASYNCCRYPT_TRUE='#'
BUILD_BLAKE2_FALSE=''
BUILD_BLAKE2_TRUE='#'
BUILD_CAMELLIA_FALSE=''
BUILD_CAMELLIA_TRUE='#'
BUILD_CAVIUM_FALSE=''
BUILD_CAVIUM_TRUE='#'
BUILD_CHACHA_FALSE='#'
BUILD_CHACHA_TRUE=''
BUILD_CMAC_FALSE=''
BUILD_CMAC_TRUE='#'
BUILD_CODING_FALSE='#'
BUILD_CODING_TRUE=''
BUILD_CRL_FALSE=''
BUILD_CRL_MONITOR_FALSE=''
BUILD_CRL_MONITOR_TRUE='#'
BUILD_CRL_TRUE='#'
BUILD_CRYPTONLY_FALSE=''
BUILD_CRYPTONLY_TRUE='#'
BUILD_CURVE25519_FALSE='#'
BUILD_CURVE25519_TRUE=''
BUILD_CURVED25519_SMALL_FALSE=''
BUILD_CURVED25519_SMALL_TRUE='#'
BUILD_DES3_FALSE=''
BUILD_DES3_TRUE='#'
BUILD_DH_FALSE='#'
BUILD_DH_TRUE=''
BUILD_DISTRO_FALSE=''
BUILD_DISTRO_TRUE='#'
BUILD_DSA_FALSE=''
BUILD_DSA_TRUE='#'
BUILD_ECC_FALSE='#'
BUILD_ECC_TRUE=''
BUILD_ED25519_FALSE=''
BUILD_ED25519_TRUE='#'
BUILD_EXAMPLE_CLIENTS_FALSE='#'
BUILD_EXAMPLE_CLIENTS_TRUE=''
BUILD_EXAMPLE_SERVERS_FALSE='#'
BUILD_EXAMPLE_SERVERS_TRUE=''
BUILD_FASTMATH_FALSE='#'
BUILD_FASTMATH_TRUE=''
BUILD_FAST_RSA_FALSE=''
BUILD_FAST_RSA_TRUE='#'
BUILD_FEMATH_FALSE='#'
BUILD_FEMATH_TRUE=''
BUILD_FIPS_FALSE=''
BUILD_FIPS_TRUE='#'
BUILD_GEMATH_FALSE=''
BUILD_GEMATH_TRUE='#'
BUILD_HC128_FALSE=''
BUILD_HC128_TRUE='#'
BUILD_IDEA_FALSE=''
BUILD_IDEA_TRUE='#'
BUILD_INLINE_FALSE='#'
BUILD_INLINE_TRUE=''
BUILD_IPV6_FALSE='#'
BUILD_IPV6_TRUE=''
BUILD_LEANPSK_FALSE=''
BUILD_LEANPSK_TRUE='#'
BUILD_LEANTLS_FALSE=''
BUILD_LEANTLS_TRUE='#'
BUILD_LIBZ_FALSE=''
BUILD_LIBZ_TRUE='#'
BUILD_MCAPI_FALSE=''
BUILD_MCAPI_TRUE='#'
BUILD_MD2_FALSE=''
BUILD_MD2_TRUE='#'
BUILD_MD4_FALSE=''
BUILD_MD4_TRUE='#'
BUILD_MD5_FALSE='#'
BUILD_MD5_TRUE=''
BUILD_MEMORY_FALSE='#'
BUILD_MEMORY_TRUE=''
BUILD_NTRU_FALSE=''
BUILD_NTRU_TRUE='#'
BUILD_OCSP_FALSE=''
BUILD_OCSP_STAPLING_FALSE=''
BUILD_OCSP_STAPLING_TRUE='#'
BUILD_OCSP_STAPLING_V2_FALSE=''
BUILD_OCSP_STAPLING_V2_TRUE='#'
BUILD_OCSP_TRUE='#'
BUILD_PKCALLBACKS_FALSE=''
BUILD_PKCALLBACKS_TRUE='#'
BUILD_PKCS7_FALSE=''
BUILD_PKCS7_TRUE='#'
BUILD_POLY1305_FALSE='#'
BUILD_POLY1305_TRUE=''
BUILD_PSK_FALSE=''
BUILD_PSK_TRUE='#'
BUILD_PWDBASED_FALSE='#'
BUILD_PWDBASED_TRUE=''
BUILD_RABBIT_FALSE=''
BUILD_RABBIT_TRUE='#'
BUILD_RC4_FALSE=''
BUILD_RC4_TRUE='#'
BUILD_RIPEMD_FALSE=''
BUILD_RIPEMD_TRUE='#'
BUILD_RNG_FALSE='#'
BUILD_RNG_TRUE=''
BUILD_RSA_FALSE='#'
BUILD_RSA_TRUE=''
BUILD_SCRYPT_FALSE=''
BUILD_SCRYPT_TRUE='#'
BUILD_SCTP_FALSE=''
BUILD_SCTP_TRUE='#'
BUILD_SHA224_FALSE='#'
BUILD_SHA224_TRUE=''
BUILD_SHA512_FALSE='#'
BUILD_SHA512_TRUE=''
BUILD_SHA_FALSE='#'
BUILD_SHA_TRUE=''
BUILD_SLOWMATH_FALSE=''
BUILD_SLOWMATH_TRUE='#'
BUILD_SNIFFER_FALSE=''
BUILD_SNIFFER_TRUE='#'
BUILD_SNIFFTEST_FALSE=''
BUILD_SNIFFTEST_TRUE='#'
BUILD_SRP_FALSE=''
BUILD_SRP_TRUE='#'
BUILD_TESTS_FALSE='#'
BUILD_TESTS_TRUE=''
BUILD_TRUST_PEER_CERT_FALSE=''
BUILD_TRUST_PEER_CERT_TRUE='#'
BUILD_USER_CRYPTO_FALSE=''
BUILD_USER_CRYPTO_TRUE='#'
BUILD_USER_RSA_FALSE=''
BUILD_USER_RSA_TRUE='#'
BUILD_WNR_FALSE=''
BUILD_WNR_TRUE='#'
BUILD_WOLFCRYPT_TESTS_FALSE='#'
BUILD_WOLFCRYPT_TESTS_TRUE=''
BUILD_WOLFEVENT_FALSE=''
BUILD_WOLFEVENT_TRUE='#'
CC='gcc'
CCAS='gcc'
CCASDEPMODE='depmode=gcc3'
CCASFLAGS=''
CCDEPMODE='depmode=gcc3'
CFLAGS=' -Wno-pragmas -Wall -Wno-strict-aliasing -Wextra -Wunknown-pragmas --param=ssp-buffer-size=1 -Waddress -Warray-bounds -Wbad-function-cast -Wchar-subscripts -Wcomment -Wfloat-equal -Wformat-security -Wformat=2 -Wmaybe-uninitialized -Wmissing-field-initializers -Wmissing-noreturn -Wmissing-prototypes -Wnested-externs -Wnormalized=id -Woverride-init -Wpointer-arith -Wpointer-sign -Wredundant-decls -Wshadow -Wsign-compare -Wstrict-overflow=1 -Wswitch-enum -Wundef -Wunused -Wunused-result -Wunused-variable -Wwrite-strings -fwrapv '
CFLAG_VISIBILITY='-fvisibility=hidden'
CPP='gcc -E'
CPPFLAGS=' -fvisibility=hidden'
CXX='g++'
CXXCPP='g++ -E'
CXXDEPMODE='depmode=gcc3'
CXXFLAGS='-g -O2'
CYGPATH_W='echo'
DEBUG_FALSE=''
DEBUG_TRUE='#'
DEFS='-DHAVE_CONFIG_H'
DEPDIR='.deps'
DLLTOOL='false'
DSYMUTIL=''
DUMPBIN=''
ECHO_C=''
ECHO_N='-n'
ECHO_T=''
EGREP='/bin/grep -E'
EXEEXT=''
FGREP='/bin/grep -F'
GENERIC_CONFIG='wolfssl-config'
GREP='/bin/grep'
HAVE_OPENSSL_CMD=''
HAVE_VALGRIND=''
HAVE_VISIBILITY='1'
HEX_VERSION='0x03010002'
INC_AMINCLUDE='include $(top_builddir)/aminclude.am'
INSTALL_DATA='${INSTALL} -m 644'
INSTALL_PROGRAM='${INSTALL}'
INSTALL_SCRIPT='${INSTALL}'
INSTALL_STRIP_PROGRAM='$(install_sh) -c -s'
IPPHEADERS=''
IPPLIBS=''
IPPLINK=''
IS_VCS_CHECKOUT_FALSE=''
IS_VCS_CHECKOUT_TRUE='#'
LD='/usr/bin/ld -m elf_x86_64'
LDFLAGS=''
LIBM='-lm'
LIBOBJS=''
LIBS=' '
LIBTOOL='$(SHELL) $(top_builddir)/libtool'
LIB_ADD=''
LIB_STATIC_ADD=''
LIPO=''
LN_S='ln -s'
LTLIBOBJS=''
LT_SYS_LIBRARY_PATH=''
MAKEINFO='${SHELL} /srv/example/mine/code_study/cplusplus/aes/wolfssl-3.10.2/build-aux/missing makeinfo'
MANIFEST_TOOL=':'
MCHECK=''
MKDIR_P='/bin/mkdir -p'
NM='/usr/bin/nm -B'
NMEDIT=''
OBJDUMP='objdump'
OBJEXT='o'
OTOOL64=''
OTOOL=''
PACKAGE='wolfssl'
PACKAGE_BUGREPORT='https://github.com/wolfssl/wolfssl/issues'
PACKAGE_NAME='wolfssl'
PACKAGE_STRING='wolfssl 3.10.2'
PACKAGE_TARNAME='wolfssl'
PACKAGE_URL='http://www.wolfssl.com'
PACKAGE_VERSION='3.10.2'
PATH_SEPARATOR=':'
PTHREAD_CC='gcc'
PTHREAD_CFLAGS='-pthread'
PTHREAD_LIBS=''
RANLIB='ranlib'
SED='/bin/sed'
SET_MAKE=''
SHELL='/bin/sh'
STRIP='strip'
USE_VALGRIND_FALSE=''
USE_VALGRIND_TRUE='#'
VERSION='3.10.2'
WOLFSSL_LIBRARY_VERSION='10:0:0'
ac_ct_AR='ar'
ac_ct_CC='gcc'
ac_ct_CXX='g++'
ac_ct_DUMPBIN=''
am__EXEEXT_FALSE=''
am__EXEEXT_TRUE='#'
am__fastdepCCAS_FALSE='#'
am__fastdepCCAS_TRUE=''
am__fastdepCC_FALSE='#'
am__fastdepCC_TRUE=''
am__fastdepCXX_FALSE='#'
am__fastdepCXX_TRUE=''
am__include='include'
am__isrc=''
am__leading_dot='.'
am__nodep='_no'
am__quote=''
am__tar='tar --format=ustar -chf - "$$tardir"'
am__untar='tar -xf -'
ax_pthread_config=''
bindir='${exec_prefix}/bin'
build='x86_64-unknown-linux-gnu'
build_alias=''
build_cpu='x86_64'
build_os='linux-gnu'
build_vendor='unknown'
datadir='${datarootdir}'
datarootdir='${prefix}/share'
docdir='${datarootdir}/doc/${PACKAGE_TARNAME}'
dvidir='${docdir}'
exec_prefix='${prefix}'
host='x86_64-unknown-linux-gnu'
host_alias=''
host_cpu='x86_64'
host_os='linux-gnu'
host_vendor='unknown'
htmldir='${docdir}'
includedir='${prefix}/include'
infodir='${datarootdir}/info'
install_sh='${SHELL} /srv/example/mine/code_study/cplusplus/aes/wolfssl-3.10.2/build-aux/install-sh'
libdir='${exec_prefix}/lib'
libexecdir='${exec_prefix}/libexec'
localedir='${datarootdir}/locale'
localstatedir='${prefix}/var'
mandir='${datarootdir}/man'
mkdir_p='$(MKDIR_P)'
oldincludedir='/usr/include'
pdfdir='${docdir}'
prefix='/srv/example/mine/code_study/cplusplus/aes/install/wolfssl'
program_transform_name='s,x,x,'
psdir='${docdir}'
sbindir='${exec_prefix}/sbin'
sharedstatedir='${prefix}/com'
sysconfdir='${prefix}/etc'
target_alias=''

## ----------- ##
## confdefs.h. ##
## ----------- ##

/* confdefs.h */
#define PACKAGE_NAME "wolfssl"
#define PACKAGE_TARNAME "wolfssl"
#define PACKAGE_VERSION "3.10.2"
#define PACKAGE_STRING "wolfssl 3.10.2"
#define PACKAGE_BUGREPORT "https://github.com/wolfssl/wolfssl/issues"
#define PACKAGE_URL "http://www.wolfssl.com"
#define STDC_HEADERS 1
#define HAVE_SYS_TYPES_H 1
#define HAVE_SYS_STAT_H 1
#define HAVE_STDLIB_H 1
#define HAVE_STRING_H 1
#define HAVE_MEMORY_H 1
#define HAVE_STRINGS_H 1
#define HAVE_INTTYPES_H 1
#define HAVE_STDINT_H 1
#define HAVE_UNISTD_H 1
#define HAVE_DLFCN_H 1
#define LT_OBJDIR ".libs/"
#define HAVE_VISIBILITY 1
#define SIZEOF_LONG_LONG 8
#define SIZEOF_LONG 8
#define HAVE___UINT128_T 1
#define HAVE_GETHOSTBYNAME 1
#define HAVE_GETADDRINFO 1
#define HAVE_GETTIMEOFDAY 1
#define HAVE_GMTIME_R 1
#define HAVE_INET_NTOA 1
#define HAVE_MEMSET 1
#define HAVE_SOCKET 1
#define HAVE_ARPA_INET_H 1
#define HAVE_FCNTL_H 1
#define HAVE_LIMITS_H 1
#define HAVE_NETDB_H 1
#define HAVE_NETINET_IN_H 1
#define HAVE_STDDEF_H 1
#define HAVE_SYS_IOCTL_H 1
#define HAVE_SYS_SOCKET_H 1
#define HAVE_SYS_TIME_H 1
#define HAVE_ERRNO_H 1
#define TLS __thread
#define DEBUG 0
#define HAVE_PTHREAD_PRIO_INHERIT 1
#define HAVE_PTHREAD 1
#define BUILD_USER_RSA /**/
#define VCS_SYSTEM "none"
#define VCS_CHECKOUT 0

configure: exit 0
